#
# A fatal error has been detected by the Java Runtime Environment:
#
#  SIGILL (0x4) at pc=0x7e484434, pid=3606, tid=2138237760
#
# JRE version: Java(TM) SE Runtime Environment (7.0_45-b18) (build 1.7.0_45-b18)
# Java VM: Java HotSpot(TM) Server VM (24.45-b08 mixed mode linux-x86 )
# Problematic frame:
# C  [libglib-2.0.so.0+0xd6434]  _fini+0x489f0
#
# Failed to write core dump. Core dumps have been disabled. To enable core dumping, try "ulimit -c unlimited" before starting Java again
#
# If you would like to submit a bug report, please visit:
#   http://bugreport.sun.com/bugreport/crash.jsp
#

---------------  T H R E A D  ---------------

Current thread is native thread

siginfo:si_signo=SIGILL: si_errno=0, si_code=2 (ILL_ILLOPN), si_addr=0x7e484434

Registers:
EAX=0x7fbe4488, EBX=0xb7774000, ECX=0x7f72eb40, EDX=0x7e48ee30
ESP=0x7f72e33c, EBP=0x00000003, ESI=0x7f72ebe8, EDI=0xb777419c
EIP=0x7e484434, EFLAGS=0x00010a86, CR2=0x00000008

Top of Stack: (sp=0x7f72e33c)
0x7f72e33c:   b7762b66 7fbe4488 00000000 00000000
0x7f72e34c:   b6f0cfee 00000000 00000000 b7774180
0x7f72e35c:   00000004 00000000 00000000 b7762ad9
0x7f72e36c:   b7774000 00000000 00000000 7f72e468
0x7f72e37c:   b7762d86 7f72e3a4 00000000 00000000
0x7f72e38c:   00000000 00000000 00000000 00000000
0x7f72e39c:   00000000 00000000 b7774000 00000000
0x7f72e3ac:   003d0f00 7f72e468 8d049707 84991c97 

Instructions: (pc=0x7e484434)
0x7e484414:   ff ff d3 39 b3 ee 01 00 ff ff b2 39 b4 ee 01 00
0x7e484424:   ff ff bb 39 b5 ee 01 00 ff ff 9d 39 b6 ee 01 00
0x7e484434:   ff ff a0 39 b7 ee 01 00 ff ff a9 39 b8 ee 01 00
0x7e484444:   ff ff af 39 b9 ee 01 00 ff ff c1 39 ba ee 01 00 

Register to memory mapping:

EAX=0x7fbe4488 is an unknown value
EBX=0xb7774000: <offset 0x18000> in /lib/i386-linux-gnu/libpthread.so.0 at 0xb775c000
ECX=0x7f72eb40 is an unknown value
EDX=0x7e48ee30: <offset 0xe0e30> in /lib/i386-linux-gnu/libglib-2.0.so.0 at 0x7e3ae000
ESP=0x7f72e33c is an unknown value
EBP=0x00000003 is an unknown value
ESI=0x7f72ebe8 is an unknown value
EDI=0xb777419c: <offset 0x1819c> in /lib/i386-linux-gnu/libpthread.so.0 at 0xb775c000


Stack: [0x7f6de000,0x7f72f000],  sp=0x7f72e33c,  free space=320k
Native frames: (J=compiled Java code, j=interpreted, Vv=VM code, C=native code)
C  [libglib-2.0.so.0+0xd6434]  _fini+0x489f0


---------------  P R O C E S S  ---------------

VM state:not at safepoint (normal execution)

VM Mutex/Monitor currently owned by a thread: None

Heap
 PSYoungGen      total 71424K, used 39391K [0xa7a40000, 0xac540000, 0xb2500000)
  eden space 66048K, 54% used [0xa7a40000,0xa9d69500,0xabac0000)
  from space 5376K, 62% used [0xac000000,0xac34e708,0xac540000)
  to   space 5376K, 0% used [0xabac0000,0xabac0000,0xac000000)
 ParOldGen       total 87552K, used 4K [0x92500000, 0x97a80000, 0xa7a40000)
  object space 87552K, 0% used [0x92500000,0x92501000,0x97a80000)
 PSPermGen       total 16384K, used 12159K [0x82b00000, 0x83b00000, 0x92500000)
  object space 16384K, 74% used [0x82b00000,0x836dfe00,0x83b00000)

Card table byte_map: [0x82982000,0x82b00000] byte_map_base: 0x8256c800

Polling page: 0xb7789000

Code Cache  [0xb2600000, 0xb2840000, 0xb6600000)
 total_blobs=577 nmethods=344 adapters=187 free_code_cache=64455Kb largest_free_block=65972992

Compilation events (10 events):
Event: 4,493 Thread 0x80725c00 nmethod 356 0xb26ebc88 code [0xb26ebd60, 0xb26ebdb0]
Event: 4,493 Thread 0x80725c00  357             java.lang.StringCoding::scale (7 bytes)
Event: 4,493 Thread 0x80725c00 nmethod 357 0xb26eb1c8 code [0xb26eb2a0, 0xb26eb2f0]
Event: 4,493 Thread 0x80725c00  358             java.lang.AbstractStringBuilder::append (29 bytes)
Event: 4,503 Thread 0x80725c00 nmethod 358 0xb26eda08 code [0xb26edb20, 0xb26eddf0]
Event: 4,503 Thread 0x80725c00  359   !         java.net.URI::encode (142 bytes)
Event: 4,513 Thread 0x80725c00 nmethod 359 0xb26ed108 code [0xb26ed200, 0xb26ed3d0]
Event: 4,513 Thread 0x80725c00  360             java.lang.AbstractStringBuilder::<init> (12 bytes)
Event: 4,514 Thread 0x80725c00 nmethod 360 0xb26eaf48 code [0xb26eb040, 0xb26eb110]
Event: 4,514 Thread 0x80725c00  361 %           org.apache.xerces.impl.XMLNSDocumentScannerImpl::scanStartElement @ 472 (866 bytes)

GC Heap History (4 events):
Event: 0,690 GC heap before
{Heap before GC invocations=1 (full 0):
 PSYoungGen      total 38400K, used 33024K [0xa7a40000, 0xaa500000, 0xb2500000)
  eden space 33024K, 100% used [0xa7a40000,0xa9a80000,0xa9a80000)
  from space 5376K, 0% used [0xa9fc0000,0xa9fc0000,0xaa500000)
  to   space 5376K, 0% used [0xa9a80000,0xa9a80000,0xa9fc0000)
 ParOldGen       total 87552K, used 0K [0x92500000, 0x97a80000, 0xa7a40000)
  object space 87552K, 0% used [0x92500000,0x92500000,0x97a80000)
 PSPermGen       total 16384K, used 2832K [0x82b00000, 0x83b00000, 0x92500000)
  object space 16384K, 17% used [0x82b00000,0x82dc43e8,0x83b00000)
Event: 0,703 GC heap after
Heap after GC invocations=1 (full 0):
 PSYoungGen      total 38400K, used 3974K [0xa7a40000, 0xac540000, 0xb2500000)
  eden space 33024K, 0% used [0xa7a40000,0xa7a40000,0xa9a80000)
  from space 5376K, 73% used [0xa9a80000,0xa9e61ba8,0xa9fc0000)
  to   space 5376K, 0% used [0xac000000,0xac000000,0xac540000)
 ParOldGen       total 87552K, used 0K [0x92500000, 0x97a80000, 0xa7a40000)
  object space 87552K, 0% used [0x92500000,0x92500000,0x97a80000)
 PSPermGen       total 16384K, used 2832K [0x82b00000, 0x83b00000, 0x92500000)
  object space 16384K, 17% used [0x82b00000,0x82dc43e8,0x83b00000)
}
Event: 1,784 GC heap before
{Heap before GC invocations=2 (full 0):
 PSYoungGen      total 38400K, used 36998K [0xa7a40000, 0xac540000, 0xb2500000)
  eden space 33024K, 100% used [0xa7a40000,0xa9a80000,0xa9a80000)
  from space 5376K, 73% used [0xa9a80000,0xa9e61ba8,0xa9fc0000)
  to   space 5376K, 0% used [0xac000000,0xac000000,0xac540000)
 ParOldGen       total 87552K, used 0K [0x92500000, 0x97a80000, 0xa7a40000)
  object space 87552K, 0% used [0x92500000,0x92500000,0x97a80000)
 PSPermGen       total 16384K, used 7784K [0x82b00000, 0x83b00000, 0x92500000)
  object space 16384K, 47% used [0x82b00000,0x8329a398,0x83b00000)
Event: 1,794 GC heap after
Heap after GC invocations=2 (full 0):
 PSYoungGen      total 71424K, used 3385K [0xa7a40000, 0xac540000, 0xb2500000)
  eden space 66048K, 0% used [0xa7a40000,0xa7a40000,0xabac0000)
  from space 5376K, 62% used [0xac000000,0xac34e708,0xac540000)
  to   space 5376K, 0% used [0xabac0000,0xabac0000,0xac000000)
 ParOldGen       total 87552K, used 4K [0x92500000, 0x97a80000, 0xa7a40000)
  object space 87552K, 0% used [0x92500000,0x92501000,0x97a80000)
 PSPermGen       total 16384K, used 7784K [0x82b00000, 0x83b00000, 0x92500000)
  object space 16384K, 47% used [0x82b00000,0x8329a398,0x83b00000)
}

Deoptimization events (10 events):
Event: 4,296 Thread 0x7fff1000 Uncommon trap: reason=class_check action=maybe_recompile pc=0xb26e3b70 method=gnu.trove.TObjectHash.index(Ljava/lang/Object;)I @ 16
Event: 4,296 Thread 0x7fff1000 Uncommon trap: reason=class_check action=maybe_recompile pc=0xb26e0aa4 method=gnu.trove.TObjectHash.insertionIndex(Ljava/lang/Object;)I @ 16
Event: 4,299 Thread 0x7fff1000 Uncommon trap: reason=bimorphic action=maybe_recompile pc=0xb26d0b1c method=java.util.AbstractList$Itr.hasNext()Z @ 8
Event: 4,299 Thread 0x7fff1000 Uncommon trap: reason=bimorphic action=maybe_recompile pc=0xb26d0b1c method=java.util.AbstractList$Itr.hasNext()Z @ 8
Event: 4,299 Thread 0x7fff1000 Uncommon trap: reason=bimorphic action=maybe_recompile pc=0xb26d0b1c method=java.util.AbstractList$Itr.hasNext()Z @ 8
Event: 4,299 Thread 0x7fff1000 Uncommon trap: reason=bimorphic action=maybe_recompile pc=0xb26d0b1c method=java.util.AbstractList$Itr.hasNext()Z @ 8
Event: 4,300 Thread 0x7fff1000 Uncommon trap: reason=bimorphic action=maybe_recompile pc=0xb26d5cd0 method=java.util.AbstractList$Itr.next()Ljava/lang/Object; @ 14
Event: 4,300 Thread 0x7fff1000 Uncommon trap: reason=bimorphic action=maybe_recompile pc=0xb26d5cd0 method=java.util.AbstractList$Itr.next()Ljava/lang/Object; @ 14
Event: 4,300 Thread 0x7fff1000 Uncommon trap: reason=bimorphic action=maybe_recompile pc=0xb26d5cd0 method=java.util.AbstractList$Itr.next()Ljava/lang/Object; @ 14
Event: 4,300 Thread 0x7fff1000 Uncommon trap: reason=bimorphic action=maybe_recompile pc=0xb26d5cd0 method=java.util.AbstractList$Itr.next()Ljava/lang/Object; @ 14

Internal exceptions (10 events):
Event: 2,170 Thread 0x7fff1000 Threw 0xa80a4728 at /HUDSON/workspace/7u-2-build-linux-i586/jdk7u45/229/hotspot/src/share/vm/classfile/systemDictionary.cpp:185
Event: 2,170 Thread 0x7fff1000 Threw 0xa80a56f0 at /HUDSON/workspace/7u-2-build-linux-i586/jdk7u45/229/hotspot/src/share/vm/classfile/systemDictionary.cpp:185
Event: 2,171 Thread 0x7fff1000 Threw 0xa80ab520 at /HUDSON/workspace/7u-2-build-linux-i586/jdk7u45/229/hotspot/src/share/vm/classfile/systemDictionary.cpp:185
Event: 2,451 Thread 0x7fff1000 Implicit null exception at 0xb26779e7 to 0xb2677f09
Event: 2,583 Thread 0x7fff1000 Implicit null exception at 0xb2685ebf to 0xb2686201
Event: 2,640 Thread 0x7fbc7c00 Implicit null exception at 0xb2683918 to 0xb268404d
Event: 2,818 Thread 0x7ed47000 Implicit null exception at 0xb269a7a5 to 0xb269a829
Event: 2,820 Thread 0x7ed47000 Implicit null exception at 0xb2690831 to 0xb26908a1
Event: 3,095 Thread 0x7fff1000 Threw 0xa88e4c48 at /HUDSON/workspace/7u-2-build-linux-i586/jdk7u45/229/hotspot/src/share/vm/interpreter/interpreterRuntime.cpp:347
Event: 3,106 Thread 0x7fff1000 Threw 0xa8911700 at /HUDSON/workspace/7u-2-build-linux-i586/jdk7u45/229/hotspot/src/share/vm/interpreter/interpreterRuntime.cpp:347

Events (10 events):
Event: 4,594 loading class 0x7df5bcf8 done
Event: 4,594 loading class 0x7df5bec8
Event: 4,594 loading class 0x7df5bec8 done
Event: 4,594 loading class 0x7dfdd588
Event: 4,594 loading class 0x7dfdd588 done
Event: 4,595 loading class 0x7ae03ad0
Event: 4,595 loading class 0x7ae03ad0 done
Event: 4,596 loading class 0x7ae03a80
Event: 4,596 loading class 0x7ae03a80 done
Event: 4,597 Thread 0x7fff1000 Thread exited: 0x7fff1000


Dynamic libraries:
08048000-08049000 r-xp 00000000 08:01 2370366    /usr/lib/jvm/java-7-oracle/bin/java
08049000-0804a000 rw-p 00000000 08:01 2370366    /usr/lib/jvm/java-7-oracle/bin/java
08b1b000-090ab000 rw-p 00000000 00:00 0          [heap]
7ac00000-7ac66000 rw-p 00000000 00:00 0 
7ac66000-7ad00000 ---p 00000000 00:00 0 
7ad8a000-7ae00000 rw-s 00000000 00:04 238682120  /SYSV00000000 (deleted)
7ae00000-7ae24000 rw-p 00000000 00:00 0 
7ae24000-7af00000 ---p 00000000 00:00 0 
7af07000-7af08000 rw-p 00000000 00:00 0 
7af08000-7af1d000 r--s 00118000 08:01 307709     /home/facundo/idea-IC-129.713/plugins/testng/lib/testng.jar
7af1d000-7af7d000 r-xp 00000000 08:01 1848467    /usr/lib/jvm/java-7-oracle/jre/lib/i386/libt2k.so
7af7d000-7af81000 rw-p 0005f000 08:01 1848467    /usr/lib/jvm/java-7-oracle/jre/lib/i386/libt2k.so
7af81000-7af85000 rw-p 00000000 00:00 0 
7af85000-7afd6000 r-xp 00000000 08:01 1848470    /usr/lib/jvm/java-7-oracle/jre/lib/i386/libsplashscreen.so
7afd6000-7afd7000 rw-p 00050000 08:01 1848470    /usr/lib/jvm/java-7-oracle/jre/lib/i386/libsplashscreen.so
7afd7000-7afda000 rw-p 00000000 00:00 0 
7afda000-7afdd000 ---p 00000000 00:00 0 
7afdd000-7b02b000 rw-p 00000000 00:00 0          [stack:3635]
7b02b000-7b02e000 ---p 00000000 00:00 0 
7b02e000-7b07c000 rw-p 00000000 00:00 0          [stack:3634]
7b07c000-7b07f000 ---p 00000000 00:00 0 
7b07f000-7b0cd000 rw-p 00000000 00:00 0          [stack:3633]
7b0cd000-7b0d0000 ---p 00000000 00:00 0 
7b0d0000-7b11e000 rw-p 00000000 00:00 0          [stack:3632]
7b11e000-7b1e0000 r-xp 00000000 08:01 2367393    /home/facundo/.IdeaIC12/system/tmp/snappy-1.0.4.1-libsnappyjava.so
7b1e0000-7b1e5000 rw-p 000c2000 08:01 2367393    /home/facundo/.IdeaIC12/system/tmp/snappy-1.0.4.1-libsnappyjava.so
7b1e5000-7b1eb000 rw-p 00000000 00:00 0 
7b1eb000-7b1ff000 r-xp 00000000 08:01 2364277    /home/facundo/.IdeaIC12/system/tmp/jna/jna6059336276976918004.tmp (deleted)
7b1ff000-7b200000 rw-p 00013000 08:01 2364277    /home/facundo/.IdeaIC12/system/tmp/jna/jna6059336276976918004.tmp (deleted)
7b200000-7b2ed000 rw-p 00000000 00:00 0 
7b2ed000-7b300000 ---p 00000000 00:00 0 
7b300000-7b302000 r--s 00010000 08:01 284448     /home/facundo/idea-IC-129.713/plugins/tasks/lib/tasks-api.jar
7b302000-7b303000 r--s 00000000 08:01 284441     /home/facundo/idea-IC-129.713/plugins/tasks/lib/tasks-java.jar
7b303000-7b305000 r--s 00013000 08:01 164702     /home/facundo/idea-IC-129.713/plugins/ant/lib/ant-jps-plugin.jar
7b305000-7b30c000 r--s 00033000 08:01 189453     /home/facundo/idea-IC-129.713/plugins/gradle/lib/gradle-messaging-1.4.jar
7b30c000-7b30f000 ---p 00000000 00:00 0 
7b30f000-7b35d000 rw-p 00000000 00:00 0          [stack:3631]
7b35d000-7b35e000 ---p 00000000 00:00 0 
7b35e000-7bb5e000 rw-p 00000000 00:00 0          [stack:3629]
7bb5e000-7bb5f000 ---p 00000000 00:00 0 
7bb5f000-7c35f000 rw-p 00000000 00:00 0 
7c35f000-7c360000 ---p 00000000 00:00 0 
7c360000-7cb60000 rw-p 00000000 00:00 0          [stack:3627]
7cb60000-7cb71000 r-xp 00000000 08:01 7870027    /lib/i386-linux-gnu/libudev.so.1.3.5
7cb71000-7cb72000 r--p 00010000 08:01 7870027    /lib/i386-linux-gnu/libudev.so.1.3.5
7cb72000-7cb73000 rw-p 00011000 08:01 7870027    /lib/i386-linux-gnu/libudev.so.1.3.5
7cb73000-7cba5000 r-xp 00000000 08:01 3448       /usr/lib/i386-linux-gnu/gvfs/libgvfscommon.so
7cba5000-7cba7000 r--p 00032000 08:01 3448       /usr/lib/i386-linux-gnu/gvfs/libgvfscommon.so
7cba7000-7cba8000 rw-p 00034000 08:01 3448       /usr/lib/i386-linux-gnu/gvfs/libgvfscommon.so
7cba8000-7cbd8000 r-xp 00000000 08:01 5861       /usr/lib/i386-linux-gnu/gio/modules/libgvfsdbus.so
7cbd8000-7cbd9000 r--p 0002f000 08:01 5861       /usr/lib/i386-linux-gnu/gio/modules/libgvfsdbus.so
7cbd9000-7cbda000 rw-p 00030000 08:01 5861       /usr/lib/i386-linux-gnu/gio/modules/libgvfsdbus.so
7cbda000-7cc2e000 r-xp 00000000 08:01 11647      /usr/lib/i386-linux-gnu/libibus-1.0.so.5.0.503
7cc2e000-7cc2f000 r--p 00054000 08:01 11647      /usr/lib/i386-linux-gnu/libibus-1.0.so.5.0.503
7cc2f000-7cc30000 rw-p 00055000 08:01 11647      /usr/lib/i386-linux-gnu/libibus-1.0.so.5.0.503
7cc30000-7cc32000 r--s 0000e000 08:01 164743     /home/facundo/idea-IC-129.713/plugins/git4idea/lib/git4idea-rt.jar
7cc32000-7cc33000 r--s 00004000 08:01 189455     /home/facundo/idea-IC-129.713/plugins/gradle/lib/gradle-wrapper-1.4.jar
7cc33000-7cc36000 r--s 0001b000 08:01 164728     /home/facundo/idea-IC-129.713/plugins/junit/lib/junit-rt.jar
7cc36000-7cc39000 r--s 0003a000 08:01 164776     /home/facundo/idea-IC-129.713/plugins/maven/lib/maven2-server-impl.jar
7cc39000-7cc3b000 r--s 00039000 08:01 164777     /home/facundo/idea-IC-129.713/plugins/maven/lib/maven3-server-impl.jar
7cc3b000-7cc3d000 r--s 00014000 08:01 164742     /home/facundo/idea-IC-129.713/plugins/maven/lib/maven-jps-plugin.jar
7cc3d000-7cc44000 r-xp 00000000 08:01 1848521    /usr/lib/jvm/java-7-oracle/jre/lib/i386/libmanagement.so
7cc44000-7cc45000 rw-p 00006000 08:01 1848521    /usr/lib/jvm/java-7-oracle/jre/lib/i386/libmanagement.so
7cc45000-7cc4f000 r--s 00250000 08:01 1848548    /usr/lib/jvm/java-7-oracle/jre/lib/resources.jar
7cc4f000-7cc55000 r-xp 00000000 08:01 531        /usr/lib/i386-linux-gnu/gtk-2.0/2.10.0/immodules/im-ibus.so
7cc55000-7cc56000 r--p 00005000 08:01 531        /usr/lib/i386-linux-gnu/gtk-2.0/2.10.0/immodules/im-ibus.so
7cc56000-7cc57000 rw-p 00006000 08:01 531        /usr/lib/i386-linux-gnu/gtk-2.0/2.10.0/immodules/im-ibus.so
7cc57000-7cca9000 r--p 00000000 08:01 1711236    /usr/share/fonts/truetype/dejavu/DejaVuSansMono.ttf
7cca9000-7cd00000 r--p 00000000 08:01 1181664    /usr/share/fonts/truetype/ubuntu-font-family/Ubuntu-R.ttf
7cd00000-7cde0000 rw-p 00000000 00:00 0 
7cde0000-7ce00000 ---p 00000000 00:00 0 
7ce00000-7ce02000 r--s 00018000 08:01 164741     /home/facundo/idea-IC-129.713/plugins/maven/lib/maven-server-api.jar
7ce02000-7ce04000 r--s 0001b000 08:01 284438     /home/facundo/idea-IC-129.713/plugins/xslt-debugger/lib/xslt-debugger-engine.jar
7ce04000-7ce06000 r--s 00025000 08:01 164734     /home/facundo/idea-IC-129.713/plugins/android/lib/android-common.jar
7ce06000-7ce07000 r--s 00009000 08:01 164716     /home/facundo/idea-IC-129.713/plugins/eclipse/lib/eclipse-jps-plugin.jar
7ce07000-7ce11000 r--s 00000000 08:01 23493      /var/cache/fontconfig/6aa41aa22e18b8fa06a12da28ea9c28b-le32d4.cache-4
7ce11000-7ce12000 r--s 00000000 08:01 23492      /var/cache/fontconfig/c05880de57d1f5e948fdfacc138775d9-le32d4.cache-4
7ce12000-7ce1a000 r--s 00000000 08:01 22195      /var/cache/fontconfig/945677eb7aeaf62f1d50efc3fb3ec7d8-le32d4.cache-4
7ce1a000-7ce1e000 r--s 00000000 08:01 23490      /var/cache/fontconfig/99e8ed0e538f840c565b6ed5dad60d56-le32d4.cache-4
7ce1e000-7ce21000 r--s 00000000 08:01 23489      /var/cache/fontconfig/f24b2111ab8703b4e963115a8cf14259-le32d4.cache-4
7ce21000-7ce27000 r--s 00000000 08:01 23488      /var/cache/fontconfig/a6d8cf8e4ec09cdbc8633c31745a07dd-le32d4.cache-4
7ce27000-7ce2b000 r--s 00000000 08:01 23487      /var/cache/fontconfig/2cd17615ca594fa2959ae173292e504c-le32d4.cache-4
7ce2b000-7ce2c000 r--s 00000000 08:01 23486      /var/cache/fontconfig/e7071f4a29fa870f4323321c154eba04-le32d4.cache-4
7ce2c000-7ce2d000 r--s 00000000 08:01 23485      /var/cache/fontconfig/617957603a337376ca8784972c6029f5-le32d4.cache-4
7ce2d000-7ce32000 r--s 00000000 08:01 23482      /var/cache/fontconfig/a755afe4a08bf5b97852ceb7400b47bc-le32d4.cache-4
7ce32000-7ce3b000 r--s 00000000 08:01 23481      /var/cache/fontconfig/6d41288fd70b0be22e8c3a91e032eec0-le32d4.cache-4
7ce3b000-7ce3e000 r--s 00000000 08:01 23480      /var/cache/fontconfig/de156ccd2eddbdc19d37a45b8b2aac9c-le32d4.cache-4
7ce3e000-7ce4d000 r--s 00000000 08:01 23479      /var/cache/fontconfig/04aabc0a78ac019cf9454389977116d2-le32d4.cache-4
7ce4d000-7ce51000 r--s 00000000 08:01 23477      /var/cache/fontconfig/385c0604a188198f04d133e54aba7fe7-le32d4.cache-4
7ce51000-7ce54000 r--s 00000000 08:01 23473      /var/cache/fontconfig/8801497958630a81b71ace7c5f9b32a8-le32d4.cache-4
7ce54000-7ce83000 r--s 00000000 08:01 23472      /var/cache/fontconfig/365b55f210c0a22e9a19e35191240f32-le32d4.cache-4
7ce83000-7ce88000 r--s 00000000 08:01 23470      /var/cache/fontconfig/3047814df9a2f067bd2d96a2b9c36e5a-le32d4.cache-4
7ce88000-7ce89000 ---p 00000000 00:00 0 
7ce89000-7d689000 rw-p 00000000 00:00 0          [stack:3626]
7d689000-7d68a000 ---p 00000000 00:00 0 
7d68a000-7de8a000 rw-p 00000000 00:00 0          [stack:3625]
7de8a000-7de94000 r-xp 00000000 08:01 2602       /usr/lib/i386-linux-gnu/gio/modules/libdconfsettings.so
7de94000-7de95000 r--p 00009000 08:01 2602       /usr/lib/i386-linux-gnu/gio/modules/libdconfsettings.so
7de95000-7de96000 rw-p 0000a000 08:01 2602       /usr/lib/i386-linux-gnu/gio/modules/libdconfsettings.so
7de96000-7de98000 r--s 00000000 08:01 23475      /var/cache/fontconfig/767a8244fc0220cfb567a839d0392e0b-le32d4.cache-4
7de98000-7de9c000 r--s 00000000 08:01 23467      /var/cache/fontconfig/b47c4e1ecd0709278f4910c18777a504-le32d4.cache-4
7de9c000-7dea3000 r--s 00000000 08:01 23466      /var/cache/fontconfig/52f7bdb7ce746bfd7eaa1985bd9cfa93-le32d4.cache-4
7dea3000-7deb3000 r--s 00000000 08:01 23465      /var/cache/fontconfig/d52a8644073d54c13679302ca1180695-le32d4.cache-4
7deb3000-7debc000 r--s 00000000 08:01 23463      /var/cache/fontconfig/d589a48862398ed80a3d6066f4f56f4c-le32d4.cache-4
7debc000-7ded4000 r--s 00000000 08:01 13622      /var/cache/fontconfig/e13b20fdb08344e0e664864cc2ede53d-le32d4.cache-4
7ded4000-7dede000 r--s 00000000 08:01 23496      /var/cache/fontconfig/8f02d4cb045bd6ce15663e43f347c9f8-le32d4.cache-4
7dede000-7def4000 r--s 00000000 08:01 10013      /var/cache/fontconfig/467c019e582ee353435ea5c21d137ef6-le32d4.cache-4
7def4000-7df00000 r--p 00000000 08:01 678679     /home/facundo/.config/dconf/user
7df00000-7dfde000 rw-p 00000000 00:00 0 
7dfde000-7e000000 ---p 00000000 00:00 0 
7e000000-7e04f000 r--p 00000000 08:01 657591     /usr/share/glib-2.0/schemas/gschemas.compiled
7e04f000-7e084000 r-xp 00000000 08:01 4345       /usr/lib/i386-linux-gnu/gtk-2.0/2.10.0/engines/libmurrine.so
7e084000-7e085000 r--p 00034000 08:01 4345       /usr/lib/i386-linux-gnu/gtk-2.0/2.10.0/engines/libmurrine.so
7e085000-7e086000 rw-p 00035000 08:01 4345       /usr/lib/i386-linux-gnu/gtk-2.0/2.10.0/engines/libmurrine.so
7e086000-7e094000 r-xp 00000000 08:01 5437       /usr/lib/i386-linux-gnu/libunity-gtk2-parser.so.0.0.0
7e094000-7e095000 r--p 0000d000 08:01 5437       /usr/lib/i386-linux-gnu/libunity-gtk2-parser.so.0.0.0
7e095000-7e096000 rw-p 0000e000 08:01 5437       /usr/lib/i386-linux-gnu/libunity-gtk2-parser.so.0.0.0
7e096000-7e097000 r--s 00000000 08:01 23483      /var/cache/fontconfig/0d8c3b2ac0904cb8a57a757ad11a4a08-le32d4.cache-4
7e097000-7e09e000 r--s 00000000 08:01 23464      /var/cache/fontconfig/3f7329c5293ffd510edef78f73874cfd-le32d4.cache-4
7e09e000-7e0b5000 r--p 00000000 08:01 1584237    /usr/share/locale-langpack/es/LC_MESSAGES/glib20.mo
7e0b5000-7e0de000 r-xp 00000000 08:01 5817       /usr/lib/i386-linux-gnu/libvorbis.so.0.4.5
7e0de000-7e0df000 ---p 00029000 08:01 5817       /usr/lib/i386-linux-gnu/libvorbis.so.0.4.5
7e0df000-7e0e0000 r--p 00029000 08:01 5817       /usr/lib/i386-linux-gnu/libvorbis.so.0.4.5
7e0e0000-7e0e1000 rw-p 0002a000 08:01 5817       /usr/lib/i386-linux-gnu/libvorbis.so.0.4.5
7e0e1000-7e0ea000 r-xp 00000000 08:01 5067       /usr/lib/i386-linux-gnu/libltdl.so.7.3.0
7e0ea000-7e0eb000 r--p 00008000 08:01 5067       /usr/lib/i386-linux-gnu/libltdl.so.7.3.0
7e0eb000-7e0ec000 rw-p 00009000 08:01 5067       /usr/lib/i386-linux-gnu/libltdl.so.7.3.0
7e0ec000-7e0fe000 r-xp 00000000 08:01 432        /usr/lib/i386-linux-gnu/libtdb.so.1.2.11
7e0fe000-7e0ff000 ---p 00012000 08:01 432        /usr/lib/i386-linux-gnu/libtdb.so.1.2.11
7e0ff000-7e100000 r--p 00012000 08:01 432        /usr/lib/i386-linux-gnu/libtdb.so.1.2.11
7e100000-7e101000 rw-p 00013000 08:01 432        /usr/lib/i386-linux-gnu/libtdb.so.1.2.11
7e101000-7e110000 r-xp 00000000 08:01 1331       /usr/lib/i386-linux-gnu/libcanberra.so.0.2.5
7e110000-7e111000 r--p 0000e000 08:01 1331       /usr/lib/i386-linux-gnu/libcanberra.so.0.2.5
7e111000-7e112000 rw-p 0000f000 08:01 1331       /usr/lib/i386-linux-gnu/libcanberra.so.0.2.5
7e112000-7e12a000 r-xp 00000000 08:01 1015       /usr/lib/i386-linux-gnu/libgraphite2.so.3.0.1
7e12a000-7e12b000 ---p 00018000 08:01 1015       /usr/lib/i386-linux-gnu/libgraphite2.so.3.0.1
7e12b000-7e12c000 r--p 00018000 08:01 1015       /usr/lib/i386-linux-gnu/libgraphite2.so.3.0.1
7e12c000-7e12d000 rw-p 00019000 08:01 1015       /usr/lib/i386-linux-gnu/libgraphite2.so.3.0.1
7e12d000-7e16c000 r-xp 00000000 08:01 7869509    /lib/i386-linux-gnu/libpcre.so.3.13.1
7e16c000-7e16d000 r--p 0003f000 08:01 7869509    /lib/i386-linux-gnu/libpcre.so.3.13.1
7e16d000-7e16e000 rw-p 00040000 08:01 7869509    /lib/i386-linux-gnu/libpcre.so.3.13.1
7e16e000-7e193000 r-xp 00000000 08:01 7873348    /lib/i386-linux-gnu/libexpat.so.1.6.0
7e193000-7e194000 ---p 00025000 08:01 7873348    /lib/i386-linux-gnu/libexpat.so.1.6.0
7e194000-7e196000 r--p 00025000 08:01 7873348    /lib/i386-linux-gnu/libexpat.so.1.6.0
7e196000-7e197000 rw-p 00027000 08:01 7873348    /lib/i386-linux-gnu/libexpat.so.1.6.0
7e197000-7e1e8000 r-xp 00000000 08:01 19991      /usr/lib/i386-linux-gnu/libharfbuzz.so.0.919.0
7e1e8000-7e1e9000 r--p 00051000 08:01 19991      /usr/lib/i386-linux-gnu/libharfbuzz.so.0.919.0
7e1e9000-7e1ea000 rw-p 00052000 08:01 19991      /usr/lib/i386-linux-gnu/libharfbuzz.so.0.919.0
7e1ea000-7e1fd000 r-xp 00000000 08:01 7887094    /lib/i386-linux-gnu/libresolv-2.17.so
7e1fd000-7e1fe000 r--p 00013000 08:01 7887094    /lib/i386-linux-gnu/libresolv-2.17.so
7e1fe000-7e1ff000 rw-p 00014000 08:01 7887094    /lib/i386-linux-gnu/libresolv-2.17.so
7e1ff000-7e201000 rw-p 00000000 00:00 0 
7e201000-7e221000 r-xp 00000000 08:01 7869805    /lib/i386-linux-gnu/libselinux.so.1
7e221000-7e222000 r--p 0001f000 08:01 7869805    /lib/i386-linux-gnu/libselinux.so.1
7e222000-7e223000 rw-p 00020000 08:01 7869805    /lib/i386-linux-gnu/libselinux.so.1
7e223000-7e23b000 r-xp 00000000 08:01 7869807    /lib/i386-linux-gnu/libz.so.1.2.8
7e23b000-7e23c000 r--p 00017000 08:01 7869807    /lib/i386-linux-gnu/libz.so.1.2.8
7e23c000-7e23d000 rw-p 00018000 08:01 7869807    /lib/i386-linux-gnu/libz.so.1.2.8
7e23d000-7e263000 r-xp 00000000 08:01 7869488    /lib/i386-linux-gnu/libpng12.so.0.49.0
7e263000-7e264000 r--p 00025000 08:01 7869488    /lib/i386-linux-gnu/libpng12.so.0.49.0
7e264000-7e265000 rw-p 00026000 08:01 7869488    /lib/i386-linux-gnu/libpng12.so.0.49.0
7e265000-7e309000 r-xp 00000000 08:01 3700       /usr/lib/i386-linux-gnu/libpixman-1.so.0.30.2
7e309000-7e30e000 r--p 000a4000 08:01 3700       /usr/lib/i386-linux-gnu/libpixman-1.so.0.30.2
7e30e000-7e30f000 rw-p 000a9000 08:01 3700       /usr/lib/i386-linux-gnu/libpixman-1.so.0.30.2
7e30f000-7e3a9000 r-xp 00000000 08:01 6157       /usr/lib/i386-linux-gnu/libfreetype.so.6.10.1
7e3a9000-7e3ad000 r--p 00099000 08:01 6157       /usr/lib/i386-linux-gnu/libfreetype.so.6.10.1
7e3ad000-7e3ae000 rw-p 0009d000 08:01 6157       /usr/lib/i386-linux-gnu/libfreetype.so.6.10.1
7e3ae000-7e4b0000 r-xp 00000000 08:01 7886964    /lib/i386-linux-gnu/libglib-2.0.so.0.3800.1
7e4b0000-7e4b1000 r--p 00101000 08:01 7886964    /lib/i386-linux-gnu/libglib-2.0.so.0.3800.1
7e4b1000-7e4b2000 rw-p 00102000 08:01 7886964    /lib/i386-linux-gnu/libglib-2.0.so.0.3800.1
7e4b2000-7e502000 r-xp 00000000 08:01 5980       /usr/lib/i386-linux-gnu/libgobject-2.0.so.0.3800.1
7e502000-7e503000 r--p 0004f000 08:01 5980       /usr/lib/i386-linux-gnu/libgobject-2.0.so.0.3800.1
7e503000-7e504000 rw-p 00050000 08:01 5980       /usr/lib/i386-linux-gnu/libgobject-2.0.so.0.3800.1
7e504000-7e54e000 r-xp 00000000 08:01 997        /usr/lib/i386-linux-gnu/libpango-1.0.so.0.3200.5
7e54e000-7e54f000 ---p 0004a000 08:01 997        /usr/lib/i386-linux-gnu/libpango-1.0.so.0.3200.5
7e54f000-7e550000 r--p 0004a000 08:01 997        /usr/lib/i386-linux-gnu/libpango-1.0.so.0.3200.5
7e550000-7e551000 rw-p 0004b000 08:01 997        /usr/lib/i386-linux-gnu/libpango-1.0.so.0.3200.5
7e551000-7e6bd000 r-xp 00000000 08:01 7661       /usr/lib/i386-linux-gnu/libgio-2.0.so.0.3800.1
7e6bd000-7e6be000 ---p 0016c000 08:01 7661       /usr/lib/i386-linux-gnu/libgio-2.0.so.0.3800.1
7e6be000-7e6c0000 r--p 0016c000 08:01 7661       /usr/lib/i386-linux-gnu/libgio-2.0.so.0.3800.1
7e6c0000-7e6c1000 rw-p 0016e000 08:01 7661       /usr/lib/i386-linux-gnu/libgio-2.0.so.0.3800.1
7e6c1000-7e6c2000 rw-p 00000000 00:00 0 
7e6c2000-7e7df000 r-xp 00000000 08:01 2239       /usr/lib/i386-linux-gnu/libcairo.so.2.11200.16
7e7df000-7e7e1000 r--p 0011d000 08:01 2239       /usr/lib/i386-linux-gnu/libcairo.so.2.11200.16
7e7e1000-7e7e2000 rw-p 0011f000 08:01 2239       /usr/lib/i386-linux-gnu/libcairo.so.2.11200.16
7e7e2000-7e7e3000 rw-p 00000000 00:00 0 
7e7e3000-7e88e000 r-xp 00000000 08:01 5935       /usr/lib/i386-linux-gnu/libgdk-x11-2.0.so.0.2400.20
7e88e000-7e890000 r--p 000ab000 08:01 5935       /usr/lib/i386-linux-gnu/libgdk-x11-2.0.so.0.2400.20
7e890000-7e891000 rw-p 000ad000 08:01 5935       /usr/lib/i386-linux-gnu/libgdk-x11-2.0.so.0.2400.20
7e891000-7ecf8000 r-xp 00000000 08:01 28272      /usr/lib/i386-linux-gnu/libgtk-x11-2.0.so.0.2400.20
7ecf8000-7ecfc000 r--p 00466000 08:01 28272      /usr/lib/i386-linux-gnu/libgtk-x11-2.0.so.0.2400.20
7ecfc000-7ecfe000 rw-p 0046a000 08:01 28272      /usr/lib/i386-linux-gnu/libgtk-x11-2.0.so.0.2400.20
7ecfe000-7ed00000 rw-p 00000000 00:00 0 
7ed00000-7edfc000 rw-p 00000000 00:00 0 
7edfc000-7ee00000 ---p 00000000 00:00 0 
7ee00000-7ee01000 r--s 00000000 08:01 23478      /var/cache/fontconfig/1ac9eb803944fde146138c791f5cc56a-le32d4.cache-4
7ee01000-7ee08000 r-xp 00000000 08:01 3748       /usr/lib/i386-linux-gnu/libogg.so.0.8.1
7ee08000-7ee09000 r--p 00006000 08:01 3748       /usr/lib/i386-linux-gnu/libogg.so.0.8.1
7ee09000-7ee0a000 rw-p 00007000 08:01 3748       /usr/lib/i386-linux-gnu/libogg.so.0.8.1
7ee0a000-7ee0f000 r-xp 00000000 08:01 7177       /usr/lib/i386-linux-gnu/libffi.so.6.0.1
7ee0f000-7ee10000 r--p 00005000 08:01 7177       /usr/lib/i386-linux-gnu/libffi.so.6.0.1
7ee10000-7ee11000 rw-p 00006000 08:01 7177       /usr/lib/i386-linux-gnu/libffi.so.6.0.1
7ee11000-7ee49000 r-xp 00000000 08:01 392        /usr/lib/i386-linux-gnu/libfontconfig.so.1.7.0
7ee49000-7ee4a000 r--p 00038000 08:01 392        /usr/lib/i386-linux-gnu/libfontconfig.so.1.7.0
7ee4a000-7ee4b000 rw-p 00039000 08:01 392        /usr/lib/i386-linux-gnu/libfontconfig.so.1.7.0
7ee4b000-7ee55000 r--s 00000000 08:01 23493      /var/cache/fontconfig/6aa41aa22e18b8fa06a12da28ea9c28b-le32d4.cache-4
7ee55000-7ee56000 r--s 00000000 08:01 23492      /var/cache/fontconfig/c05880de57d1f5e948fdfacc138775d9-le32d4.cache-4
7ee56000-7ee5e000 r--s 00000000 08:01 22195      /var/cache/fontconfig/945677eb7aeaf62f1d50efc3fb3ec7d8-le32d4.cache-4
7ee5e000-7ee62000 r--s 00000000 08:01 23490      /var/cache/fontconfig/99e8ed0e538f840c565b6ed5dad60d56-le32d4.cache-4
7ee62000-7ee65000 r--s 00000000 08:01 23489      /var/cache/fontconfig/f24b2111ab8703b4e963115a8cf14259-le32d4.cache-4
7ee65000-7ee6b000 r--s 00000000 08:01 23488      /var/cache/fontconfig/a6d8cf8e4ec09cdbc8633c31745a07dd-le32d4.cache-4
7ee6b000-7ee6f000 r--s 00000000 08:01 23487      /var/cache/fontconfig/2cd17615ca594fa2959ae173292e504c-le32d4.cache-4
7ee6f000-7ee70000 r--s 00000000 08:01 23486      /var/cache/fontconfig/e7071f4a29fa870f4323321c154eba04-le32d4.cache-4
7ee70000-7ee71000 r--s 00000000 08:01 23485      /var/cache/fontconfig/617957603a337376ca8784972c6029f5-le32d4.cache-4
7ee71000-7ee72000 r--s 00000000 08:01 23483      /var/cache/fontconfig/0d8c3b2ac0904cb8a57a757ad11a4a08-le32d4.cache-4
7ee72000-7ee77000 r--s 00000000 08:01 23482      /var/cache/fontconfig/a755afe4a08bf5b97852ceb7400b47bc-le32d4.cache-4
7ee77000-7ee80000 r--s 00000000 08:01 23481      /var/cache/fontconfig/6d41288fd70b0be22e8c3a91e032eec0-le32d4.cache-4
7ee80000-7ee83000 r--s 00000000 08:01 23480      /var/cache/fontconfig/de156ccd2eddbdc19d37a45b8b2aac9c-le32d4.cache-4
7ee83000-7ee92000 r--s 00000000 08:01 23479      /var/cache/fontconfig/04aabc0a78ac019cf9454389977116d2-le32d4.cache-4
7ee92000-7ee93000 r--s 00000000 08:01 23478      /var/cache/fontconfig/1ac9eb803944fde146138c791f5cc56a-le32d4.cache-4
7ee93000-7ee97000 r--s 00000000 08:01 23477      /var/cache/fontconfig/385c0604a188198f04d133e54aba7fe7-le32d4.cache-4
7ee97000-7ee98000 r--s 00000000 08:01 23476      /var/cache/fontconfig/dc05db6664285cc2f12bf69c139ae4c3-le32d4.cache-4
7ee98000-7ee9a000 r--s 00000000 08:01 23475      /var/cache/fontconfig/767a8244fc0220cfb567a839d0392e0b-le32d4.cache-4
7ee9a000-7ee9d000 r--s 00000000 08:01 23473      /var/cache/fontconfig/8801497958630a81b71ace7c5f9b32a8-le32d4.cache-4
7ee9d000-7eecc000 r--s 00000000 08:01 23472      /var/cache/fontconfig/365b55f210c0a22e9a19e35191240f32-le32d4.cache-4
7eecc000-7eed1000 r--s 00000000 08:01 23470      /var/cache/fontconfig/3047814df9a2f067bd2d96a2b9c36e5a-le32d4.cache-4
7eed1000-7eed5000 r--s 00000000 08:01 23467      /var/cache/fontconfig/b47c4e1ecd0709278f4910c18777a504-le32d4.cache-4
7eed5000-7eedc000 r--s 00000000 08:01 23466      /var/cache/fontconfig/52f7bdb7ce746bfd7eaa1985bd9cfa93-le32d4.cache-4
7eedc000-7eeec000 r--s 00000000 08:01 23465      /var/cache/fontconfig/d52a8644073d54c13679302ca1180695-le32d4.cache-4
7eeec000-7eef3000 r--s 00000000 08:01 23464      /var/cache/fontconfig/3f7329c5293ffd510edef78f73874cfd-le32d4.cache-4
7eef3000-7eefc000 r--s 00000000 08:01 23463      /var/cache/fontconfig/d589a48862398ed80a3d6066f4f56f4c-le32d4.cache-4
7eefc000-7ef14000 r--s 00000000 08:01 13622      /var/cache/fontconfig/e13b20fdb08344e0e664864cc2ede53d-le32d4.cache-4
7ef14000-7ef1e000 r--s 00000000 08:01 23496      /var/cache/fontconfig/8f02d4cb045bd6ce15663e43f347c9f8-le32d4.cache-4
7ef1e000-7ef1f000 r--s 00000000 08:01 23476      /var/cache/fontconfig/dc05db6664285cc2f12bf69c139ae4c3-le32d4.cache-4
7ef1f000-7ef27000 r-xp 00000000 08:01 799        /usr/lib/i386-linux-gnu/libthai.so.0.2.0
7ef27000-7ef28000 r--p 00007000 08:01 799        /usr/lib/i386-linux-gnu/libthai.so.0.2.0
7ef28000-7ef29000 rw-p 00008000 08:01 799        /usr/lib/i386-linux-gnu/libthai.so.0.2.0
7ef29000-7ef31000 r-xp 00000000 08:01 1454       /usr/lib/i386-linux-gnu/libxcb-render.so.0.0.0
7ef31000-7ef32000 r--p 00008000 08:01 1454       /usr/lib/i386-linux-gnu/libxcb-render.so.0.0.0
7ef32000-7ef33000 rw-p 00009000 08:01 1454       /usr/lib/i386-linux-gnu/libxcb-render.so.0.0.0
7ef33000-7ef35000 r-xp 00000000 08:01 4841       /usr/lib/i386-linux-gnu/libxcb-shm.so.0.0.0
7ef35000-7ef36000 r--p 00001000 08:01 4841       /usr/lib/i386-linux-gnu/libxcb-shm.so.0.0.0
7ef36000-7ef37000 rw-p 00002000 08:01 4841       /usr/lib/i386-linux-gnu/libxcb-shm.so.0.0.0
7ef37000-7ef39000 r-xp 00000000 08:01 3341       /usr/lib/i386-linux-gnu/libXdamage.so.1.1.0
7ef39000-7ef3a000 r--p 00001000 08:01 3341       /usr/lib/i386-linux-gnu/libXdamage.so.1.1.0
7ef3a000-7ef3b000 rw-p 00002000 08:01 3341       /usr/lib/i386-linux-gnu/libXdamage.so.1.1.0
7ef3b000-7ef44000 r-xp 00000000 08:01 2275       /usr/lib/i386-linux-gnu/libXrandr.so.2.2.0
7ef44000-7ef45000 r--p 00008000 08:01 2275       /usr/lib/i386-linux-gnu/libXrandr.so.2.2.0
7ef45000-7ef46000 rw-p 00009000 08:01 2275       /usr/lib/i386-linux-gnu/libXrandr.so.2.2.0
7ef46000-7ef59000 r-xp 00000000 08:01 12082      /usr/lib/i386-linux-gnu/libpangoft2-1.0.so.0.3200.5
7ef59000-7ef5a000 r--p 00013000 08:01 12082      /usr/lib/i386-linux-gnu/libpangoft2-1.0.so.0.3200.5
7ef5a000-7ef5b000 rw-p 00014000 08:01 12082      /usr/lib/i386-linux-gnu/libpangoft2-1.0.so.0.3200.5
7ef5b000-7ef7c000 r-xp 00000000 08:01 27160      /usr/lib/i386-linux-gnu/libgdk_pixbuf-2.0.so.0.2800.1
7ef7c000-7ef7d000 r--p 00020000 08:01 27160      /usr/lib/i386-linux-gnu/libgdk_pixbuf-2.0.so.0.2800.1
7ef7d000-7ef7e000 rw-p 00021000 08:01 27160      /usr/lib/i386-linux-gnu/libgdk_pixbuf-2.0.so.0.2800.1
7ef7e000-7ef9c000 r-xp 00000000 08:01 7279       /usr/lib/i386-linux-gnu/libatk-1.0.so.0.21009.1
7ef9c000-7ef9e000 r--p 0001d000 08:01 7279       /usr/lib/i386-linux-gnu/libatk-1.0.so.0.21009.1
7ef9e000-7ef9f000 rw-p 0001f000 08:01 7279       /usr/lib/i386-linux-gnu/libatk-1.0.so.0.21009.1
7ef9f000-7efa2000 r--s 00000000 08:01 23471      /var/cache/fontconfig/c57959a16110560c8d0fcea73374aeeb-le32d4.cache-4
7efa2000-7efaa000 r-xp 00000000 08:01 3555       /usr/lib/i386-linux-gnu/libvorbisfile.so.3.3.4
7efaa000-7efab000 r--p 00007000 08:01 3555       /usr/lib/i386-linux-gnu/libvorbisfile.so.3.3.4
7efab000-7efac000 rw-p 00008000 08:01 3555       /usr/lib/i386-linux-gnu/libvorbisfile.so.3.3.4
7efac000-7efad000 r--s 00000000 08:01 23474      /var/cache/fontconfig/4794a0821666d79190d59a36cb4f44b5-le32d4.cache-4
7efad000-7efae000 r--s 00000000 08:01 23469      /var/cache/fontconfig/56cf4f4769d0f4abc89a4895d7bd3ae1-le32d4.cache-4
7efae000-7efaf000 r--s 00000000 08:01 23468      /var/cache/fontconfig/b9d506c9ac06c20b433354fa67a72993-le32d4.cache-4
7efaf000-7efb2000 r--s 00000000 08:01 136        /var/cache/fontconfig/7ef2298fde41cc6eeb7af42e48b7d293-le32d4.cache-4
7efb2000-7efb6000 r-xp 00000000 08:01 6662       /usr/lib/i386-linux-gnu/gtk-2.0/modules/libunity-gtk-module.so
7efb6000-7efb7000 r--p 00003000 08:01 6662       /usr/lib/i386-linux-gnu/gtk-2.0/modules/libunity-gtk-module.so
7efb7000-7efb8000 rw-p 00004000 08:01 6662       /usr/lib/i386-linux-gnu/gtk-2.0/modules/libunity-gtk-module.so
7efb8000-7efc9000 r-xp 00000000 08:01 5459       /usr/lib/i386-linux-gnu/gtk-2.0/modules/liboverlay-scrollbar.so
7efc9000-7efca000 r--p 00010000 08:01 5459       /usr/lib/i386-linux-gnu/gtk-2.0/modules/liboverlay-scrollbar.so
7efca000-7efcb000 rw-p 00011000 08:01 5459       /usr/lib/i386-linux-gnu/gtk-2.0/modules/liboverlay-scrollbar.so
7efcb000-7eff5000 r--p 00000000 08:01 1584713    /usr/share/locale-langpack/es/LC_MESSAGES/gtk20-properties.mo
7eff5000-7eff6000 r-xp 00000000 08:01 7656       /usr/lib/i386-linux-gnu/libgthread-2.0.so.0.3800.1
7eff6000-7eff7000 r--p 00000000 08:01 7656       /usr/lib/i386-linux-gnu/libgthread-2.0.so.0.3800.1
7eff7000-7eff8000 rw-p 00001000 08:01 7656       /usr/lib/i386-linux-gnu/libgthread-2.0.so.0.3800.1
7eff8000-7effe000 r-xp 00000000 08:01 3420       /usr/lib/i386-linux-gnu/libdatrie.so.1.2.0
7effe000-7efff000 r--p 00006000 08:01 3420       /usr/lib/i386-linux-gnu/libdatrie.so.1.2.0
7efff000-7f000000 rw-p 00007000 08:01 3420       /usr/lib/i386-linux-gnu/libdatrie.so.1.2.0
7f000000-7f0f6000 rw-p 00000000 00:00 0 
7f0f6000-7f100000 ---p 00000000 00:00 0 
7f100000-7f103000 r--s 00000000 08:01 23471      /var/cache/fontconfig/c57959a16110560c8d0fcea73374aeeb-le32d4.cache-4
7f103000-7f104000 r--s 00000000 08:01 23462      /var/cache/fontconfig/0c9eb80ebd1c36541ebe2852d3bb0c49-le32d4.cache-4
7f104000-7f106000 r-xp 00000000 08:01 1004       /usr/lib/i386-linux-gnu/libXcomposite.so.1.0.0
7f106000-7f107000 r--p 00001000 08:01 1004       /usr/lib/i386-linux-gnu/libXcomposite.so.1.0.0
7f107000-7f108000 rw-p 00002000 08:01 1004       /usr/lib/i386-linux-gnu/libXcomposite.so.1.0.0
7f108000-7f10a000 r-xp 00000000 08:01 2317       /usr/lib/i386-linux-gnu/libXinerama.so.1.0.0
7f10a000-7f10b000 r--p 00001000 08:01 2317       /usr/lib/i386-linux-gnu/libXinerama.so.1.0.0
7f10b000-7f10c000 rw-p 00002000 08:01 2317       /usr/lib/i386-linux-gnu/libXinerama.so.1.0.0
7f10c000-7f117000 r-xp 00000000 08:01 3802       /usr/lib/i386-linux-gnu/libpangocairo-1.0.so.0.3200.5
7f117000-7f118000 r--p 0000a000 08:01 3802       /usr/lib/i386-linux-gnu/libpangocairo-1.0.so.0.3200.5
7f118000-7f119000 rw-p 0000b000 08:01 3802       /usr/lib/i386-linux-gnu/libpangocairo-1.0.so.0.3200.5
7f119000-7f11c000 r-xp 00000000 08:01 5978       /usr/lib/i386-linux-gnu/libgmodule-2.0.so.0.3800.1
7f11c000-7f11d000 r--p 00002000 08:01 5978       /usr/lib/i386-linux-gnu/libgmodule-2.0.so.0.3800.1
7f11d000-7f11e000 rw-p 00003000 08:01 5978       /usr/lib/i386-linux-gnu/libgmodule-2.0.so.0.3800.1
7f11e000-7f11f000 r--s 00000000 08:01 23497      /var/cache/fontconfig/16326683038b281783a0ef8c680e3a10-le32d4.cache-4
7f11f000-7f120000 r--s 00000000 08:01 23495      /var/cache/fontconfig/e0aa53bcfa504e64f87823c16bc01eb6-le32d4.cache-4
7f120000-7f121000 r--s 00000000 00:14 16099      /run/user/1000/dconf/user
7f121000-7f125000 r-xp 00000000 08:01 4206       /usr/lib/i386-linux-gnu/libcanberra-gtk.so.0.1.9
7f125000-7f126000 r--p 00003000 08:01 4206       /usr/lib/i386-linux-gnu/libcanberra-gtk.so.0.1.9
7f126000-7f127000 rw-p 00004000 08:01 4206       /usr/lib/i386-linux-gnu/libcanberra-gtk.so.0.1.9
7f127000-7f12c000 r-xp 00000000 08:01 3299       /usr/lib/i386-linux-gnu/gtk-2.0/modules/libcanberra-gtk-module.so
7f12c000-7f12d000 r--p 00004000 08:01 3299       /usr/lib/i386-linux-gnu/gtk-2.0/modules/libcanberra-gtk-module.so
7f12d000-7f12e000 rw-p 00005000 08:01 3299       /usr/lib/i386-linux-gnu/gtk-2.0/modules/libcanberra-gtk-module.so
7f12e000-7f13d000 r--p 00000000 08:01 1584249    /usr/share/locale-langpack/es/LC_MESSAGES/gtk20.mo
7f13d000-7f158000 r-xp 00000000 08:01 7869829    /lib/i386-linux-gnu/libgcc_s.so.1
7f158000-7f159000 r--p 0001a000 08:01 7869829    /lib/i386-linux-gnu/libgcc_s.so.1
7f159000-7f15a000 rw-p 0001b000 08:01 7869829    /lib/i386-linux-gnu/libgcc_s.so.1
7f15a000-7f15b000 r--s 00000000 08:01 23474      /var/cache/fontconfig/4794a0821666d79190d59a36cb4f44b5-le32d4.cache-4
7f15b000-7f15c000 r--s 00000000 08:01 23469      /var/cache/fontconfig/56cf4f4769d0f4abc89a4895d7bd3ae1-le32d4.cache-4
7f15c000-7f15d000 r--s 00000000 08:01 23468      /var/cache/fontconfig/b9d506c9ac06c20b433354fa67a72993-le32d4.cache-4
7f15d000-7f15e000 r--s 00000000 08:01 23462      /var/cache/fontconfig/0c9eb80ebd1c36541ebe2852d3bb0c49-le32d4.cache-4
7f15e000-7f161000 r--s 00000000 08:01 136        /var/cache/fontconfig/7ef2298fde41cc6eeb7af42e48b7d293-le32d4.cache-4
7f161000-7f162000 r--s 00000000 08:01 23497      /var/cache/fontconfig/16326683038b281783a0ef8c680e3a10-le32d4.cache-4
7f162000-7f163000 r--s 00000000 08:01 23495      /var/cache/fontconfig/e0aa53bcfa504e64f87823c16bc01eb6-le32d4.cache-4
7f163000-7f179000 r--s 00000000 08:01 10013      /var/cache/fontconfig/467c019e582ee353435ea5c21d137ef6-le32d4.cache-4
7f179000-7f1d5000 r-xp 00000000 08:01 1848484    /usr/lib/jvm/java-7-oracle/jre/lib/i386/libfontmanager.so
7f1d5000-7f1d8000 rw-p 0005b000 08:01 1848484    /usr/lib/jvm/java-7-oracle/jre/lib/i386/libfontmanager.so
7f1d8000-7f1dc000 rw-p 00000000 00:00 0 
7f1dc000-7f1e0000 r--s 0008a000 08:01 1848547    /usr/lib/jvm/java-7-oracle/jre/lib/jsse.jar
7f1e0000-7f1e3000 ---p 00000000 00:00 0 
7f1e3000-7f231000 rw-p 00000000 00:00 0          [stack:3624]
7f231000-7f234000 ---p 00000000 00:00 0 
7f234000-7f282000 rw-p 00000000 00:00 0          [stack:3623]
7f282000-7f285000 ---p 00000000 00:00 0 
7f285000-7f2d3000 rw-p 00000000 00:00 0          [stack:3622]
7f2d3000-7f2e8000 r-xp 00000000 08:01 1848518    /usr/lib/jvm/java-7-oracle/jre/lib/i386/libnet.so
7f2e8000-7f2e9000 rw-p 00014000 08:01 1848518    /usr/lib/jvm/java-7-oracle/jre/lib/i386/libnet.so
7f2e9000-7f2f7000 r-xp 00000000 08:01 1848485    /usr/lib/jvm/java-7-oracle/jre/lib/i386/libnio.so
7f2f7000-7f2f8000 rw-p 0000e000 08:01 1848485    /usr/lib/jvm/java-7-oracle/jre/lib/i386/libnio.so
7f2f8000-7f2f9000 r--s 00000000 08:01 189234     /home/facundo/idea-IC-129.713/lib/ant/lib/ant-apache-bsf.jar
7f2f9000-7f2fb000 r--s 00004000 08:01 189250     /home/facundo/idea-IC-129.713/lib/ant/lib/ant-jai.jar
7f2fb000-7f2fc000 r--s 00000000 08:01 189246     /home/facundo/idea-IC-129.713/lib/ant/lib/ant-commons-logging.jar
7f2fc000-7f2fe000 r--s 00013000 08:01 189248     /home/facundo/idea-IC-129.713/lib/ant/lib/ant-commons-net.jar
7f2fe000-7f2ff000 r--s 00002000 08:01 189264     /home/facundo/idea-IC-129.713/lib/ant/lib/ant-netrexx.jar
7f2ff000-7f31d000 r--s 001bb000 08:01 189271     /home/facundo/idea-IC-129.713/lib/ant/lib/ant.jar
7f31d000-7f31e000 r--s 00000000 08:01 189244     /home/facundo/idea-IC-129.713/lib/ant/lib/ant-apache-xalan2.jar
7f31e000-7f31f000 r--s 00001000 08:01 189230     /home/facundo/idea-IC-129.713/lib/ant/lib/ant-antlr.jar
7f31f000-7f320000 r--s 00000000 08:01 189242     /home/facundo/idea-IC-129.713/lib/ant/lib/ant-apache-resolver.jar
7f320000-7f321000 r--s 00009000 08:01 189258     /home/facundo/idea-IC-129.713/lib/ant/lib/ant-jsch.jar
7f321000-7f322000 r--s 00001000 08:01 189256     /home/facundo/idea-IC-129.713/lib/ant/lib/ant-jmf.jar
7f322000-7f324000 r--s 00002000 08:01 189262     /home/facundo/idea-IC-129.713/lib/ant/lib/ant-launcher.jar
7f324000-7f325000 r--s 00000000 08:01 189236     /home/facundo/idea-IC-129.713/lib/ant/lib/ant-apache-log4j.jar
7f325000-7f326000 r--s 00000000 08:01 189240     /home/facundo/idea-IC-129.713/lib/ant/lib/ant-apache-regexp.jar
7f326000-7f328000 r--s 00008000 08:01 189238     /home/facundo/idea-IC-129.713/lib/ant/lib/ant-apache-oro.jar
7f328000-7f32a000 r--s 00017000 08:01 189260     /home/facundo/idea-IC-129.713/lib/ant/lib/ant-junit.jar
7f32a000-7f32b000 r--s 00001000 08:01 189252     /home/facundo/idea-IC-129.713/lib/ant/lib/ant-javamail.jar
7f32b000-7f32d000 r--s 00001000 08:01 189232     /home/facundo/idea-IC-129.713/lib/ant/lib/ant-apache-bcel.jar
7f32d000-7f32e000 r--s 00003000 08:01 189269     /home/facundo/idea-IC-129.713/lib/ant/lib/ant-testutil.jar
7f32e000-7f32f000 r--s 00001000 08:01 189267     /home/facundo/idea-IC-129.713/lib/ant/lib/ant-swing.jar
7f32f000-7f331000 r--s 00001000 08:01 189254     /home/facundo/idea-IC-129.713/lib/ant/lib/ant-jdepend.jar
7f331000-7f332000 r--s 00004000 08:01 164690     /home/facundo/idea-IC-129.713/lib/annotations.jar
7f332000-7f33a000 r--s 0007a000 08:01 189304     /home/facundo/idea-IC-129.713/lib/jh.jar
7f33a000-7f33d000 r--s 001fe000 08:01 164713     /home/facundo/idea-IC-129.713/lib/resources.jar
7f33d000-7f340000 r--s 0001a000 08:01 189344     /home/facundo/idea-IC-129.713/lib/xmlrpc-2.0.jar
7f340000-7f344000 r--s 0001d000 08:01 189314     /home/facundo/idea-IC-129.713/lib/microba.jar
7f344000-7f350000 r--s 0006a000 08:01 189346     /home/facundo/idea-IC-129.713/lib/xstream-1.4.3.jar
7f350000-7f351000 r--s 00006000 08:01 189341     /home/facundo/idea-IC-129.713/lib/winp-1.17-patched.jar
7f351000-7f358000 r--s 00040000 08:01 189280     /home/facundo/idea-IC-129.713/lib/cglib-2.2.2.jar
7f358000-7f35c000 r--s 00018000 08:01 189322     /home/facundo/idea-IC-129.713/lib/picocontainer.jar
7f35c000-7f36b000 r--s 00068000 08:01 189305     /home/facundo/idea-IC-129.713/lib/jing.jar
7f36b000-7f371000 r--s 00031000 08:01 189297     /home/facundo/idea-IC-129.713/lib/jaxen-1.1.3.jar
7f371000-7f37c000 r--s 0008d000 08:01 189331     /home/facundo/idea-IC-129.713/lib/sanselan-0.98-snapshot.jar
7f37c000-7f38b000 r--s 00223000 08:01 164714     /home/facundo/idea-IC-129.713/lib/resources_en.jar
7f38b000-7f38e000 ---p 00000000 00:00 0 
7f38e000-7f3dc000 rw-p 00000000 00:00 0          [stack:3621]
7f3dc000-7f3df000 ---p 00000000 00:00 0 
7f3df000-7f42d000 rw-p 00000000 00:00 0          [stack:3620]
7f42d000-7f451000 r--p 00000000 08:01 1575326    /usr/share/locale-langpack/es/LC_MESSAGES/libc.mo
7f451000-7f456000 r-xp 00000000 08:01 5736       /usr/lib/i386-linux-gnu/libXdmcp.so.6.0.0
7f456000-7f457000 r--p 00004000 08:01 5736       /usr/lib/i386-linux-gnu/libXdmcp.so.6.0.0
7f457000-7f458000 rw-p 00005000 08:01 5736       /usr/lib/i386-linux-gnu/libXdmcp.so.6.0.0
7f458000-7f45a000 r-xp 00000000 08:01 5627       /usr/lib/i386-linux-gnu/libXau.so.6.0.0
7f45a000-7f45b000 r--p 00001000 08:01 5627       /usr/lib/i386-linux-gnu/libXau.so.6.0.0
7f45b000-7f45c000 rw-p 00002000 08:01 5627       /usr/lib/i386-linux-gnu/libXau.so.6.0.0
7f45c000-7f47b000 r-xp 00000000 08:01 885        /usr/lib/i386-linux-gnu/libxcb.so.1.1.0
7f47b000-7f47c000 r--p 0001f000 08:01 885        /usr/lib/i386-linux-gnu/libxcb.so.1.1.0
7f47c000-7f47d000 rw-p 00020000 08:01 885        /usr/lib/i386-linux-gnu/libxcb.so.1.1.0
7f47d000-7f48c000 r-xp 00000000 08:01 11660      /usr/lib/i386-linux-gnu/libXi.so.6.1.0
7f48c000-7f48d000 r--p 0000e000 08:01 11660      /usr/lib/i386-linux-gnu/libXi.so.6.1.0
7f48d000-7f48e000 rw-p 0000f000 08:01 11660      /usr/lib/i386-linux-gnu/libXi.so.6.1.0
7f48e000-7f497000 r-xp 00000000 08:01 13241      /usr/lib/i386-linux-gnu/libXrender.so.1.3.0
7f497000-7f498000 r--p 00008000 08:01 13241      /usr/lib/i386-linux-gnu/libXrender.so.1.3.0
7f498000-7f499000 rw-p 00009000 08:01 13241      /usr/lib/i386-linux-gnu/libXrender.so.1.3.0
7f499000-7f5c9000 r-xp 00000000 08:01 9259       /usr/lib/i386-linux-gnu/libX11.so.6.3.0
7f5c9000-7f5ca000 ---p 00130000 08:01 9259       /usr/lib/i386-linux-gnu/libX11.so.6.3.0
7f5ca000-7f5cb000 r--p 00130000 08:01 9259       /usr/lib/i386-linux-gnu/libX11.so.6.3.0
7f5cb000-7f5cd000 rw-p 00131000 08:01 9259       /usr/lib/i386-linux-gnu/libX11.so.6.3.0
7f5cd000-7f5ce000 rw-p 00000000 00:00 0 
7f5ce000-7f5df000 r-xp 00000000 08:01 9261       /usr/lib/i386-linux-gnu/libXext.so.6.4.0
7f5df000-7f5e0000 r--p 00010000 08:01 9261       /usr/lib/i386-linux-gnu/libXext.so.6.4.0
7f5e0000-7f5e1000 rw-p 00011000 08:01 9261       /usr/lib/i386-linux-gnu/libXext.so.6.4.0
7f5e1000-7f62a000 r-xp 00000000 08:01 1848463    /usr/lib/jvm/java-7-oracle/jre/lib/i386/xawt/libmawt.so
7f62a000-7f62c000 rw-p 00049000 08:01 1848463    /usr/lib/jvm/java-7-oracle/jre/lib/i386/xawt/libmawt.so
7f62c000-7f62d000 rw-p 00000000 00:00 0 
7f62d000-7f6b3000 r-xp 00000000 08:01 1848476    /usr/lib/jvm/java-7-oracle/jre/lib/i386/libawt.so
7f6b3000-7f6ba000 rw-p 00086000 08:01 1848476    /usr/lib/jvm/java-7-oracle/jre/lib/i386/libawt.so
7f6ba000-7f6de000 rw-p 00000000 00:00 0 
7f6de000-7f6e1000 ---p 00000000 00:00 0 
7f6e1000-7f72f000 rw-p 00000000 00:00 0          [stack:3619]
7f72f000-7f7da000 r--s 00e61000 08:01 164722     /home/facundo/idea-IC-129.713/lib/openapi.jar
7f7da000-7f841000 rw-p 00000000 00:00 0 
7f841000-7fb00000 r--s 05997000 08:01 164791     /home/facundo/idea-IC-129.713/lib/idea.jar
7fb00000-7fbf8000 rw-p 00000000 00:00 0 
7fbf8000-7fc00000 ---p 00000000 00:00 0 
7fc00000-7fc01000 r--s 00006000 08:01 189301     /home/facundo/idea-IC-129.713/lib/jgoodies-common-1.2.1.jar
7fc01000-7fc03000 r--s 0000a000 08:01 189282     /home/facundo/idea-IC-129.713/lib/commons-codec-1.3.jar
7fc03000-7fc08000 r-xp 00000000 08:01 558        /usr/lib/i386-linux-gnu/libXtst.so.6.1.0
7fc08000-7fc09000 r--p 00004000 08:01 558        /usr/lib/i386-linux-gnu/libXtst.so.6.1.0
7fc09000-7fc0a000 rw-p 00005000 08:01 558        /usr/lib/i386-linux-gnu/libXtst.so.6.1.0
7fc0a000-7fc0f000 r--s 00063000 08:01 164766     /home/facundo/idea-IC-129.713/lib/javac2.jar
7fc0f000-7fc11000 r--s 0000a000 08:01 189332     /home/facundo/idea-IC-129.713/lib/serviceMessages.jar
7fc11000-7fc15000 r-xp 00000000 08:01 11436      /usr/lib/i386-linux-gnu/libXfixes.so.3.1.0
7fc15000-7fc16000 r--p 00003000 08:01 11436      /usr/lib/i386-linux-gnu/libXfixes.so.3.1.0
7fc16000-7fc17000 rw-p 00004000 08:01 11436      /usr/lib/i386-linux-gnu/libXfixes.so.3.1.0
7fc17000-7fc20000 r-xp 00000000 08:01 17350      /usr/lib/i386-linux-gnu/libXcursor.so.1.0.2
7fc20000-7fc21000 r--p 00008000 08:01 17350      /usr/lib/i386-linux-gnu/libXcursor.so.1.0.2
7fc21000-7fc22000 rw-p 00009000 08:01 17350      /usr/lib/i386-linux-gnu/libXcursor.so.1.0.2
7fc22000-7fc29000 r--s 00000000 08:01 48331      /usr/lib/i386-linux-gnu/gconv/gconv-modules.cache
7fc29000-7fc34000 r--s 0037c000 08:01 1848387    /usr/lib/jvm/java-7-oracle/jre/lib/charsets.jar
7fc34000-7fc37000 r--s 0002d000 08:01 189295     /home/facundo/idea-IC-129.713/lib/isorelax.jar
7fc37000-7fc59000 r--s 00195000 08:01 189291     /home/facundo/idea-IC-129.713/lib/guava-12.0.jar
7fc59000-7fc96000 r--s 00251000 08:01 189342     /home/facundo/idea-IC-129.713/lib/xbean.jar
7fc96000-7fc99000 r--s 0001b000 08:01 189312     /home/facundo/idea-IC-129.713/lib/junit.jar
7fc99000-7fca0000 r--s 00037000 08:01 189311     /home/facundo/idea-IC-129.713/lib/junit-4.10.jar
7fca0000-7fca4000 r--s 00050000 08:01 164717     /home/facundo/idea-IC-129.713/lib/forms_rt.jar
7fca4000-7fcad000 r--s 000ba000 08:01 189306     /home/facundo/idea-IC-129.713/lib/jna-utils.jar
7fcad000-7fcaf000 r--s 0000e000 08:01 189321     /home/facundo/idea-IC-129.713/lib/oromatcher.jar
7fcaf000-7fcc7000 r--s 00115000 08:01 189343     /home/facundo/idea-IC-129.713/lib/xerces.jar
7fcc7000-7fcd4000 r--s 00109000 08:01 189328     /home/facundo/idea-IC-129.713/lib/rhino-js-1_7R4.jar
7fcd4000-7fd00000 r--s 0028b000 08:01 164739     /home/facundo/idea-IC-129.713/lib/icons.jar
7fd00000-7fdf8000 rw-p 00000000 00:00 0 
7fdf8000-7fe00000 ---p 00000000 00:00 0 
7fe00000-7fe02000 r--s 00013000 08:01 189325     /home/facundo/idea-IC-129.713/lib/resolver.jar
7fe02000-7fe06000 r--s 0002d000 08:01 189277     /home/facundo/idea-IC-129.713/lib/automaton.jar
7fe06000-7fe0b000 r--s 0002a000 08:01 189290     /home/facundo/idea-IC-129.713/lib/gson-2.2.1.jar
7fe0b000-7fe0d000 r--s 00026000 08:01 164757     /home/facundo/idea-IC-129.713/lib/jdkAnnotations.jar
7fe0d000-7fe1c000 r--s 0006b000 08:01 189335     /home/facundo/idea-IC-129.713/lib/trang-core.jar
7fe1c000-7fe1e000 r--s 00011000 08:01 189315     /home/facundo/idea-IC-129.713/lib/miglayout-swing.jar
7fe1e000-7fe27000 r--s 00058000 08:01 189303     /home/facundo/idea-IC-129.713/lib/jgoodies-looks-2.4.2.jar
7fe27000-7fe36000 r--s 001a8000 08:01 189286     /home/facundo/idea-IC-129.713/lib/ecj-4.2.1.jar
7fe36000-7fe95000 r--s 00591000 08:01 189289     /home/facundo/idea-IC-129.713/lib/groovy-all-2.0.6.jar
7fe95000-7ff00000 r--s 00e19000 08:01 1739603    /usr/lib/jvm/java-7-oracle/lib/tools.jar
7ff00000-7fffd000 rw-p 00000000 00:00 0 
7fffd000-80000000 ---p 00000000 00:00 0 
80000000-80001000 r--s 00000000 08:01 189298     /home/facundo/idea-IC-129.713/lib/jcip-annotations.jar
80001000-80014000 r--s 00277000 08:01 164755     /home/facundo/idea-IC-129.713/lib/jps-server.jar
80014000-80015000 r--s 0000b000 08:01 189345     /home/facundo/idea-IC-129.713/lib/xpp3-1.1.4-min.jar
80015000-80017000 r--s 00004000 08:01 189310     /home/facundo/idea-IC-129.713/lib/jsr173_1.0_api.jar
80017000-8001c000 r--s 0005d000 08:01 189338     /home/facundo/idea-IC-129.713/lib/trove4j_src.jar
8001c000-8001f000 r--s 0001c000 08:01 189317     /home/facundo/idea-IC-129.713/lib/nekohtml-1.9.14.jar
8001f000-80025000 r--s 00047000 08:01 189283     /home/facundo/idea-IC-129.713/lib/commons-httpclient-3.1-patched.jar
80025000-80032000 r--s 000ab000 08:01 189340     /home/facundo/idea-IC-129.713/lib/velocity.jar
80032000-80035000 r--s 00013000 08:01 189302     /home/facundo/idea-IC-129.713/lib/jgoodies-forms.jar
80035000-80038000 ---p 00000000 00:00 0 
80038000-80086000 rw-p 00000000 00:00 0          [stack:3618]
80086000-80087000 ---p 00000000 00:00 0 
80087000-80107000 rw-p 00000000 00:00 0          [stack:3617]
80107000-8010a000 ---p 00000000 00:00 0 
8010a000-80158000 rw-p 00000000 00:00 0          [stack:3616]
80158000-8015b000 ---p 00000000 00:00 0 
8015b000-801d9000 rw-p 00000000 00:00 0          [stack:3615]
801d9000-801dc000 ---p 00000000 00:00 0 
801dc000-8025a000 rw-p 00000000 00:00 0          [stack:3614]
8025a000-8025d000 ---p 00000000 00:00 0 
8025d000-802ab000 rw-p 00000000 00:00 0          [stack:3613]
802ab000-803dd000 r--p 002c8000 08:01 7189       /usr/lib/locale/locale-archive
803dd000-805dd000 r--p 00000000 08:01 7189       /usr/lib/locale/locale-archive
805dd000-805e0000 ---p 00000000 00:00 0 
805e0000-8062e000 rw-p 00000000 00:00 0          [stack:3612]
8062e000-80631000 ---p 00000000 00:00 0 
80631000-8067f000 rw-p 00000000 00:00 0          [stack:3611]
8067f000-80680000 ---p 00000000 00:00 0 
80680000-80700000 rw-p 00000000 00:00 0          [stack:3610]
80700000-807fa000 rw-p 00000000 00:00 0 
807fa000-80800000 ---p 00000000 00:00 0 
80800000-80802000 r--s 0000d000 08:01 189284     /home/facundo/idea-IC-129.713/lib/commons-logging-1.1.1.jar
80802000-80805000 r--s 00029000 08:01 189324     /home/facundo/idea-IC-129.713/lib/proxy-vole_20120920.jar
80805000-80806000 r--s 00000000 08:01 163775     /home/facundo/idea-IC-129.713/lib/jps-launcher.jar
80806000-80808000 r--s 00008000 08:01 189274     /home/facundo/idea-IC-129.713/lib/asm-commons.jar
80808000-8080a000 r--s 00013000 08:01 159566     /home/facundo/idea-IC-129.713/lib/idea_rt.jar
8080a000-80811000 r--s 00099000 08:01 189329     /home/facundo/idea-IC-129.713/lib/rngom-20051226-patched.jar
80811000-80813000 r--s 00009000 08:01 189316     /home/facundo/idea-IC-129.713/lib/nanoxml-2.2.3.jar
80813000-80818000 r--s 0003e000 08:01 189285     /home/facundo/idea-IC-129.713/lib/commons-net-3.1.jar
80818000-8082f000 r--s 0010e000 08:01 189318     /home/facundo/idea-IC-129.713/lib/netty-3.6.2.Final.jar
8082f000-8087a000 rw-p 00000000 00:00 0 
8087a000-80a36000 r--s 039b2000 08:01 1848550    /usr/lib/jvm/java-7-oracle/jre/lib/rt.jar
80a36000-82500000 rw-p 00000000 00:00 0 
82500000-825fe000 rw-p 00000000 00:00 0 
825fe000-82600000 ---p 00000000 00:00 0 
82600000-82601000 r--s 0000a000 08:01 189275     /home/facundo/idea-IC-129.713/lib/asm.jar
82601000-82606000 r--s 000a2000 08:01 164732     /home/facundo/idea-IC-129.713/lib/asm4-all.jar
82606000-82608000 r--s 000f2000 08:01 189333     /home/facundo/idea-IC-129.713/lib/snappy-java-1.0.4.1.jar
82608000-82609000 r--s 00002000 08:01 189281     /home/facundo/idea-IC-129.713/lib/cli-parser-1.1.jar
82609000-82624000 r--s 00147000 08:01 189334     /home/facundo/idea-IC-129.713/lib/swingx-core-1.6.2.jar
82624000-8267f000 rw-p 00000000 00:00 0 
8267f000-82680000 ---p 00000000 00:00 0 
82680000-82700000 rw-p 00000000 00:00 0          [stack:3609]
82700000-82721000 rw-p 00000000 00:00 0 
82721000-82800000 ---p 00000000 00:00 0 
82800000-82804000 r--s 00034000 08:01 189309     /home/facundo/idea-IC-129.713/lib/jsch-0.1.49.jar
82804000-8280a000 r--s 00068000 08:01 189323     /home/facundo/idea-IC-129.713/lib/protobuf-2.4.1.jar
8280a000-8280b000 r--s 00004000 08:01 189320     /home/facundo/idea-IC-129.713/lib/optimizedFileManager.jar
8280b000-8280f000 r--s 000f2000 08:01 189307     /home/facundo/idea-IC-129.713/lib/jna.jar
8280f000-82817000 r--s 0005c000 08:01 189336     /home/facundo/idea-IC-129.713/lib/trove4j.jar
82817000-82820000 r--s 0006f000 08:01 189313     /home/facundo/idea-IC-129.713/lib/log4j.jar
82820000-82823000 r--s 00023000 08:01 189300     /home/facundo/idea-IC-129.713/lib/jdom.jar
82823000-82844000 r--s 0039e000 08:01 164727     /home/facundo/idea-IC-129.713/lib/util.jar
82844000-82856000 rw-p 00000000 00:00 0 
82856000-82857000 ---p 00000000 00:00 0 
82857000-82902000 rw-p 00000000 00:00 0          [stack:3608]
82902000-82982000 rw-p 00000000 00:00 0 
82982000-8298a000 rw-p 00000000 00:00 0 
8298a000-829ff000 rw-p 00000000 00:00 0 
829ff000-82a2a000 rw-p 00000000 00:00 0 
82a2a000-82aa9000 rw-p 00000000 00:00 0 
82aa9000-82ad0000 rw-p 00000000 00:00 0 
82ad0000-82aff000 rw-p 00000000 00:00 0 
82aff000-83b00000 rw-p 00000000 00:00 0 
83b00000-92500000 rw-p 00000000 00:00 0 
92500000-97a80000 rw-p 00000000 00:00 0 
97a80000-a7a40000 rw-p 00000000 00:00 0 
a7a40000-ac540000 rw-p 00000000 00:00 0 
ac540000-b2500000 rw-p 00000000 00:00 0 
b2500000-b2509000 rw-p 00000000 00:00 0 
b2509000-b2600000 rw-p 00000000 00:00 0 
b2600000-b2840000 rwxp 00000000 00:00 0 
b2840000-b66f3000 rw-p 00000000 00:00 0 
b66f3000-b6700000 ---p 00000000 00:00 0 
b6700000-b6708000 rw-p 00000000 00:00 0 
b6708000-b677d000 rw-p 00000000 00:00 0 
b677d000-b6788000 r-xp 00000000 08:01 7887108    /lib/i386-linux-gnu/libnss_files-2.17.so
b6788000-b6789000 r--p 0000a000 08:01 7887108    /lib/i386-linux-gnu/libnss_files-2.17.so
b6789000-b678a000 rw-p 0000b000 08:01 7887108    /lib/i386-linux-gnu/libnss_files-2.17.so
b678a000-b6794000 r-xp 00000000 08:01 7887104    /lib/i386-linux-gnu/libnss_nis-2.17.so
b6794000-b6795000 r--p 00009000 08:01 7887104    /lib/i386-linux-gnu/libnss_nis-2.17.so
b6795000-b6796000 rw-p 0000a000 08:01 7887104    /lib/i386-linux-gnu/libnss_nis-2.17.so
b6796000-b67ab000 r-xp 00000000 08:01 7887089    /lib/i386-linux-gnu/libnsl-2.17.so
b67ab000-b67ac000 r--p 00014000 08:01 7887089    /lib/i386-linux-gnu/libnsl-2.17.so
b67ac000-b67ad000 rw-p 00015000 08:01 7887089    /lib/i386-linux-gnu/libnsl-2.17.so
b67ad000-b67af000 rw-p 00000000 00:00 0 
b67af000-b67b2000 r--s 00023000 08:01 164793     /home/facundo/idea-IC-129.713/lib/extensions.jar
b67b2000-b67b4000 r--s 00008000 08:01 164700     /home/facundo/idea-IC-129.713/lib/bootstrap.jar
b67b4000-b67b6000 r--s 00002000 08:01 164781     /home/facundo/idea-IC-129.713/lib/boot.jar
b67b6000-b67cd000 r-xp 00000000 08:01 1848464    /usr/lib/jvm/java-7-oracle/jre/lib/i386/libzip.so
b67cd000-b67ce000 rw-p 00017000 08:01 1848464    /usr/lib/jvm/java-7-oracle/jre/lib/i386/libzip.so
b67ce000-b67f1000 r-xp 00000000 08:01 1848489    /usr/lib/jvm/java-7-oracle/jre/lib/i386/libjava.so
b67f1000-b67f2000 rw-p 00022000 08:01 1848489    /usr/lib/jvm/java-7-oracle/jre/lib/i386/libjava.so
b67f2000-b67f9000 r-xp 00000000 08:01 7887086    /lib/i386-linux-gnu/librt-2.17.so
b67f9000-b67fa000 r--p 00006000 08:01 7887086    /lib/i386-linux-gnu/librt-2.17.so
b67fa000-b67fb000 rw-p 00007000 08:01 7887086    /lib/i386-linux-gnu/librt-2.17.so
b67fb000-b67fe000 ---p 00000000 00:00 0 
b67fe000-b684c000 rw-p 00000000 00:00 0          [stack:3607]
b684c000-b688d000 r-xp 00000000 08:01 7887102    /lib/i386-linux-gnu/libm-2.17.so
b688d000-b688e000 r--p 00040000 08:01 7887102    /lib/i386-linux-gnu/libm-2.17.so
b688e000-b688f000 rw-p 00041000 08:01 7887102    /lib/i386-linux-gnu/libm-2.17.so
b688f000-b7106000 r-xp 00000000 08:01 1848499    /usr/lib/jvm/java-7-oracle/jre/lib/i386/server/libjvm.so
b7106000-b716b000 rw-p 00876000 08:01 1848499    /usr/lib/jvm/java-7-oracle/jre/lib/i386/server/libjvm.so
b716b000-b758e000 rw-p 00000000 00:00 0 
b758e000-b773c000 r-xp 00000000 08:01 7887096    /lib/i386-linux-gnu/libc-2.17.so
b773c000-b773e000 r--p 001ae000 08:01 7887096    /lib/i386-linux-gnu/libc-2.17.so
b773e000-b773f000 rw-p 001b0000 08:01 7887096    /lib/i386-linux-gnu/libc-2.17.so
b773f000-b7742000 rw-p 00000000 00:00 0 
b7742000-b7745000 r-xp 00000000 08:01 7887097    /lib/i386-linux-gnu/libdl-2.17.so
b7745000-b7746000 r--p 00002000 08:01 7887097    /lib/i386-linux-gnu/libdl-2.17.so
b7746000-b7747000 rw-p 00003000 08:01 7887097    /lib/i386-linux-gnu/libdl-2.17.so
b7747000-b7748000 rw-p 00000000 00:00 0 
b7748000-b775b000 r-xp 00000000 08:01 1738892    /usr/lib/jvm/java-7-oracle/lib/i386/jli/libjli.so
b775b000-b775c000 rw-p 00012000 08:01 1738892    /usr/lib/jvm/java-7-oracle/lib/i386/jli/libjli.so
b775c000-b7773000 r-xp 00000000 08:01 7887101    /lib/i386-linux-gnu/libpthread-2.17.so
b7773000-b7774000 r--p 00016000 08:01 7887101    /lib/i386-linux-gnu/libpthread-2.17.so
b7774000-b7775000 rw-p 00017000 08:01 7887101    /lib/i386-linux-gnu/libpthread-2.17.so
b7775000-b7777000 rw-p 00000000 00:00 0 
b7777000-b777f000 rw-s 00000000 08:01 1182534    /tmp/hsperfdata_facundo/3606
b777f000-b7786000 r-xp 00000000 08:01 7887099    /lib/i386-linux-gnu/libnss_compat-2.17.so
b7786000-b7787000 r--p 00006000 08:01 7887099    /lib/i386-linux-gnu/libnss_compat-2.17.so
b7787000-b7788000 rw-p 00007000 08:01 7887099    /lib/i386-linux-gnu/libnss_compat-2.17.so
b7788000-b7789000 rw-p 00000000 00:00 0 
b7789000-b778a000 r--p 00000000 00:00 0 
b778a000-b7795000 r-xp 00000000 08:01 1848500    /usr/lib/jvm/java-7-oracle/jre/lib/i386/libverify.so
b7795000-b7796000 rw-p 0000b000 08:01 1848500    /usr/lib/jvm/java-7-oracle/jre/lib/i386/libverify.so
b7796000-b7798000 rw-p 00000000 00:00 0 
b7798000-b7799000 r-xp 00000000 00:00 0          [vdso]
b7799000-b77b9000 r-xp 00000000 08:01 7887092    /lib/i386-linux-gnu/ld-2.17.so
b77b9000-b77ba000 r--p 0001f000 08:01 7887092    /lib/i386-linux-gnu/ld-2.17.so
b77ba000-b77bb000 rw-p 00020000 08:01 7887092    /lib/i386-linux-gnu/ld-2.17.so
bfc6b000-bfc8d000 rw-p 00000000 00:00 0          [stack]

VM Arguments:
jvm_args: -Xms128m -Xmx512m -XX:MaxPermSize=250m -XX:ReservedCodeCacheSize=64m -XX:+UseCodeCacheFlushing -ea -Dsun.io.useCanonCaches=false -Djava.net.preferIPv4Stack=true -Djb.vmOptionsFile=/home/facundo/idea-IC-129.713/bin/idea.vmoptions -Xbootclasspath/a:/home/facundo/idea-IC-129.713/bin/../lib/boot.jar -Didea.paths.selector=IdeaIC12 -Djb.restart.code=88 
java_command: com.intellij.idea.Main
Launcher Type: SUN_STANDARD

Environment Variables:
JAVA_HOME=/usr/lib/jvm/java-7-oracle
CLASSPATH=/home/facundo/idea-IC-129.713/bin/../lib/bootstrap.jar:/home/facundo/idea-IC-129.713/bin/../lib/extensions.jar:/home/facundo/idea-IC-129.713/bin/../lib/util.jar:/home/facundo/idea-IC-129.713/bin/../lib/jdom.jar:/home/facundo/idea-IC-129.713/bin/../lib/log4j.jar:/home/facundo/idea-IC-129.713/bin/../lib/trove4j.jar:/home/facundo/idea-IC-129.713/bin/../lib/jna.jar:/usr/lib/jvm/java-7-oracle/lib/tools.jar
PATH=/usr/lib/lightdm/lightdm:/usr/local/sbin:/usr/local/bin:/usr/sbin:/usr/bin:/sbin:/bin:/usr/games:/usr/local/games:/usr/lib/jvm/java-7-oracle/bin:/usr/lib/jvm/java-7-oracle/db/bin:/usr/lib/jvm/java-7-oracle/jre/bin:/home/facundo/android-sdk-linux/platform-tools
LD_LIBRARY_PATH=/home/facundo/idea-IC-129.713/bin:
SHELL=/bin/bash
DISPLAY=:0

Signal Handlers:
SIGSEGV: [libjvm.so+0x7dd350], sa_mask[0]=0x7ffbfeff, sa_flags=0x10000004
SIGBUS: [libjvm.so+0x7dd350], sa_mask[0]=0x7ffbfeff, sa_flags=0x10000004
SIGFPE: [libjvm.so+0x678b60], sa_mask[0]=0x7ffbfeff, sa_flags=0x10000004
SIGPIPE: SIG_IGN, sa_mask[0]=0x00001000, sa_flags=0x10000000
SIGXFSZ: [libjvm.so+0x678b60], sa_mask[0]=0x7ffbfeff, sa_flags=0x10000004
SIGILL: [libjvm.so+0x678b60], sa_mask[0]=0x7ffbfeff, sa_flags=0x10000004
SIGUSR1: SIG_DFL, sa_mask[0]=0x00000000, sa_flags=0x00000000
SIGUSR2: [libjvm.so+0x67a050], sa_mask[0]=0x00000000, sa_flags=0x10000004
SIGHUP: [libjvm.so+0x67b1a0], sa_mask[0]=0x7ffbfeff, sa_flags=0x10000004
SIGINT: [libjvm.so+0x67b1a0], sa_mask[0]=0x7ffbfeff, sa_flags=0x10000004
SIGTERM: [libjvm.so+0x67b1a0], sa_mask[0]=0x7ffbfeff, sa_flags=0x10000004
SIGQUIT: [libjvm.so+0x67b1a0], sa_mask[0]=0x7ffbfeff, sa_flags=0x10000004


---------------  S Y S T E M  ---------------

OS:wheezy/sid

uname:Linux 3.11.0-13-generic #20-Ubuntu SMP Wed Oct 23 17:26:33 UTC 2013 i686
libc:glibc 2.17 NPTL 2.17 
rlimit: STACK 8192k, CORE 0k, NPROC 15643, NOFILE 4096, AS infinity
load average:0,66 0,86 0,53

/proc/meminfo:
MemTotal:        2026868 kB
MemFree:          320316 kB
Buffers:          115720 kB
Cached:           975524 kB
SwapCached:            0 kB
Active:           810580 kB
Inactive:         811320 kB
Active(anon):     532164 kB
Inactive(anon):   162064 kB
Active(file):     278416 kB
Inactive(file):   649256 kB
Unevictable:         224 kB
Mlocked:             224 kB
HighTotal:       1145604 kB
HighFree:          14724 kB
LowTotal:         881264 kB
LowFree:          305592 kB
SwapTotal:       5927948 kB
SwapFree:        5927948 kB
Dirty:               764 kB
Writeback:             0 kB
AnonPages:        531084 kB
Mapped:           185636 kB
Shmem:            163444 kB
Slab:              50392 kB
SReclaimable:      32168 kB
SUnreclaim:        18224 kB
KernelStack:        4568 kB
PageTables:        11240 kB
NFS_Unstable:          0 kB
Bounce:                0 kB
WritebackTmp:          0 kB
CommitLimit:     6941380 kB
Committed_AS:    4009152 kB
VmallocTotal:     122880 kB
VmallocUsed:       15184 kB
VmallocChunk:     105884 kB
HardwareCorrupted:     0 kB
AnonHugePages:         0 kB
HugePages_Total:       0
HugePages_Free:        0
HugePages_Rsvd:        0
HugePages_Surp:        0
Hugepagesize:       2048 kB
DirectMap4k:       12280 kB
DirectMap2M:      901120 kB


CPU:total 2 (2 cores per cpu, 1 threads per core) family 6 model 23 stepping 10, cmov, cx8, fxsr, mmx, sse, sse2, sse3, ssse3, sse4.1, tsc

/proc/cpuinfo:
processor	: 0
vendor_id	: GenuineIntel
cpu family	: 6
model		: 23
model name	: Intel(R) Core(TM)2 Duo CPU     T6500  @ 2.10GHz
stepping	: 10
microcode	: 0xa07
cpu MHz		: 2100.000
cache size	: 2048 KB
physical id	: 0
siblings	: 2
core id		: 0
cpu cores	: 2
apicid		: 0
initial apicid	: 0
fdiv_bug	: no
f00f_bug	: no
coma_bug	: no
fpu		: yes
fpu_exception	: yes
cpuid level	: 13
wp		: yes
flags		: fpu vme de pse tsc msr pae mce cx8 apic sep mtrr pge mca cmov pat pse36 clflush dts acpi mmx fxsr sse sse2 ss ht tm pbe nx lm constant_tsc arch_perfmon pebs bts aperfmperf pni dtes64 monitor ds_cpl est tm2 ssse3 cx16 xtpr pdcm sse4_1 xsave lahf_lm dtherm
bogomips	: 4189.76
clflush size	: 64
cache_alignment	: 64
address sizes	: 36 bits physical, 48 bits virtual
power management:

processor	: 1
vendor_id	: GenuineIntel
cpu family	: 6
model		: 23
model name	: Intel(R) Core(TM)2 Duo CPU     T6500  @ 2.10GHz
stepping	: 10
microcode	: 0xa07
cpu MHz		: 2100.000
cache size	: 2048 KB
physical id	: 0
siblings	: 2
core id		: 1
cpu cores	: 2
apicid		: 1
initial apicid	: 1
fdiv_bug	: no
f00f_bug	: no
coma_bug	: no
fpu		: yes
fpu_exception	: yes
cpuid level	: 13
wp		: yes
flags		: fpu vme de pse tsc msr pae mce cx8 apic sep mtrr pge mca cmov pat pse36 clflush dts acpi mmx fxsr sse sse2 ss ht tm pbe nx lm constant_tsc arch_perfmon pebs bts aperfmperf pni dtes64 monitor ds_cpl est tm2 ssse3 cx16 xtpr pdcm sse4_1 xsave lahf_lm dtherm
bogomips	: 4189.76
clflush size	: 64
cache_alignment	: 64
address sizes	: 36 bits physical, 48 bits virtual
power management:



Memory: 4k page, physical 2026868k(320316k free), swap 5927948k(5927948k free)

vm_info: Java HotSpot(TM) Server VM (24.45-b08) for linux-x86 JRE (1.7.0_45-b18), built on Oct  8 2013 05:44:51 by "java_re" with gcc 4.3.0 20080428 (Red Hat 4.3.0-8)

time: Tue Nov  5 17:49:32 2013
elapsed time: 4 seconds

