2013-11-09 18:45:48 DEBUG NioDispatcher:165 - Dispatcher started.
2013-11-09 18:45:48 DEBUG BasicSocketAcceptor:55 - New thread created.
2013-11-09 18:45:59 DEBUG NioDispatcher:80 - Creating new adapter.
2013-11-09 18:45:59 INFO  BasicInputQueueFactory:37 - New input queue created.
2013-11-09 18:45:59 INFO  BasicOutputFactory:20 - New output queue created.
2013-11-09 18:45:59 DEBUG NioDispatcher:82 - Adapter created.
2013-11-09 18:45:59 DEBUG NioDispatcher:87 - Acquiring selector.
2013-11-09 18:45:59 DEBUG NioDispatcher:89 - Selector acquired.
2013-11-09 18:45:59 DEBUG NioDispatcher:92 - Registering channel.
2013-11-09 18:45:59 DEBUG NioDispatcher:96 - Channel registered.
2013-11-09 18:45:59 DEBUG NioDispatcher:57 - Dispatching connection.
2013-11-09 18:45:59 DEBUG HandlerAdapter:176 - Handler prepared to run.
2013-11-09 18:45:59 DEBUG NioDispatcher:172 - Invoking handler.
2013-11-09 18:45:59 DEBUG NioDispatcher:60 - Connection dispatched.
2013-11-09 18:45:59 DEBUG HttpEventHandler:131 - Handling connection from client.
2013-11-09 18:45:59 DEBUG HandlerAdapter:51 - Handler caller to connect.
2013-11-09 18:45:59 DEBUG HttpEventHandler:125 - Handling write to client.
2013-11-09 18:45:59 DEBUG HandlerAdapter:115 - Queue is empty.
2013-11-09 18:45:59 DEBUG HandlerAdapter:248 - InterestOpts modified.
2013-11-09 18:45:59 DEBUG HandlerAdapter:56 - Handler caller to write.
2013-11-09 18:45:59 INFO  SimpleBufferFactory:18 - New simple buffer created.
2013-11-09 18:45:59 DEBUG BasicInputQueue:30 - New buffer created.
2013-11-09 18:45:59 DEBUG HttpMessageValidator:30 - Receiving a message.
2013-11-09 18:45:59 DEBUG BasicInputQueue:38 - Buffer was filled from the channel.
2013-11-09 18:45:59 DEBUG HttpMessageValidator:44 - Trying to get a new message.
2013-11-09 18:45:59 DEBUG HttpMessageValidator:54 - A complete message was found.
2013-11-09 18:45:59 INFO  HttpMessage:39 - Receiving a new Http message.
2013-11-09 18:45:59 INFO  HttpMessage:58 - The new message is a request.
2013-11-09 18:45:59 DEBUG HttpRequestMessage:26 - Making a request to HTTP://www.google.com
2013-11-09 18:45:59 DEBUG HttpMessageValidator:84 - Message finalized.
2013-11-09 18:45:59 DEBUG BasicInputQueue:120 - Message returned from input queue.
2013-11-09 18:45:59 DEBUG HttpEventHandler:34 - Handling read from client.
2013-11-09 18:45:59 DEBUG HttpEventHandler:36 - A message arrived from the client.
2013-11-09 18:45:59 DEBUG HttpEventHandler:44 - Connection with the server was established successfully.
2013-11-09 18:45:59 DEBUG NioDispatcher:80 - Creating new adapter.
2013-11-09 18:45:59 INFO  BasicInputQueueFactory:37 - New input queue created.
2013-11-09 18:45:59 INFO  BasicOutputFactory:20 - New output queue created.
2013-11-09 18:45:59 DEBUG NioDispatcher:82 - Adapter created.
2013-11-09 18:45:59 DEBUG NioDispatcher:87 - Acquiring selector.
2013-11-09 18:45:59 DEBUG NioDispatcher:89 - Selector acquired.
2013-11-09 18:45:59 DEBUG NioDispatcher:92 - Registering channel.
2013-11-09 18:45:59 DEBUG NioDispatcher:96 - Channel registered.
2013-11-09 18:45:59 DEBUG HandlerAdapter:63 - Handler caller to read.
2013-11-09 18:45:59 DEBUG NioDispatcher:57 - Dispatching connection.
2013-11-09 18:45:59 DEBUG HandlerAdapter:176 - Handler prepared to run.
2013-11-09 18:45:59 DEBUG HandlerAdapter:248 - InterestOpts modified.
2013-11-09 18:45:59 DEBUG NioDispatcher:172 - Invoking handler.
2013-11-09 18:45:59 DEBUG NioDispatcher:60 - Connection dispatched.
2013-11-09 18:45:59 DEBUG HttpEventHandler:85 - Handling connection from server.
2013-11-09 18:45:59 DEBUG NioDispatcher:145 - Enqueing status change.
2013-11-09 18:45:59 INFO  SimpleBufferFactory:18 - New simple buffer created.
2013-11-09 18:45:59 DEBUG HandlerAdapter:248 - InterestOpts modified.
2013-11-09 18:45:59 DEBUG HandlerAdapter:248 - InterestOpts modified.
2013-11-09 18:45:59 DEBUG HandlerAdapter:248 - InterestOpts modified.
2013-11-09 18:45:59 DEBUG HandlerAdapter:248 - InterestOpts modified.
2013-11-09 18:45:59 DEBUG HandlerAdapter:248 - InterestOpts modified.
2013-11-09 18:45:59 DEBUG HandlerAdapter:248 - InterestOpts modified.
2013-11-09 18:45:59 DEBUG HandlerAdapter:51 - Handler caller to connect.
2013-11-09 18:45:59 DEBUG HttpEventHandler:79 - Handling write operation to server.
2013-11-09 18:45:59 DEBUG HandlerAdapter:108 - Queue drained.
2013-11-09 18:45:59 DEBUG HandlerAdapter:115 - Queue is empty.
2013-11-09 18:45:59 DEBUG HandlerAdapter:248 - InterestOpts modified.
2013-11-09 18:45:59 DEBUG HandlerAdapter:56 - Handler caller to write.
2013-11-09 18:45:59 DEBUG HandlerAdapter:248 - InterestOpts modified.
2013-11-09 18:45:59 DEBUG NioDispatcher:145 - Enqueing status change.
2013-11-09 18:46:00 DEBUG NioDispatcher:57 - Dispatching connection.
2013-11-09 18:46:00 DEBUG HandlerAdapter:176 - Handler prepared to run.
2013-11-09 18:46:00 DEBUG NioDispatcher:172 - Invoking handler.
2013-11-09 18:46:00 DEBUG NioDispatcher:60 - Connection dispatched.
2013-11-09 18:46:00 INFO  SimpleBufferFactory:18 - New simple buffer created.
2013-11-09 18:46:00 DEBUG BasicInputQueue:30 - New buffer created.
2013-11-09 18:46:00 DEBUG HttpMessageValidator:30 - Receiving a message.
2013-11-09 18:46:00 DEBUG BasicInputQueue:38 - Buffer was filled from the channel.
2013-11-09 18:46:00 DEBUG HttpMessageValidator:44 - Trying to get a new message.
2013-11-09 18:46:00 DEBUG HttpMessageValidator:54 - A complete message was found.
2013-11-09 18:46:00 INFO  HttpMessage:39 - Receiving a new Http message.
2013-11-09 18:46:00 INFO  HttpMessage:43 - The new message is a response.
2013-11-09 18:46:00 INFO  HttpResponseMessage:16 - Creating 'Bad request' response message.
2013-11-09 18:46:00 INFO  HttpMessageValidator:104 - Content: 262 message: 220
2013-11-09 18:46:00 DEBUG BasicInputQueue:120 - Message returned from input queue.
2013-11-09 18:46:00 DEBUG HttpEventHandler:50 - Handling read operation from server.
2013-11-09 18:46:00 DEBUG HttpEventHandler:54 - Receiving HTTP headers.
2013-11-09 18:46:00 INFO  SimpleBufferFactory:18 - New simple buffer created.
2013-11-09 18:46:00 DEBUG HandlerAdapter:248 - InterestOpts modified.
2013-11-09 18:46:00 DEBUG NioDispatcher:145 - Enqueing status change.
2013-11-09 18:46:00 DEBUG HttpEventHandler:56 - Writing headers back to client.
2013-11-09 18:46:00 DEBUG NioDispatcher:57 - Dispatching connection.
2013-11-09 18:46:00 DEBUG HandlerAdapter:176 - Handler prepared to run.
2013-11-09 18:46:00 DEBUG HandlerAdapter:248 - InterestOpts modified.
2013-11-09 18:46:00 DEBUG NioDispatcher:172 - Invoking handler.
2013-11-09 18:46:00 DEBUG HandlerAdapter:248 - InterestOpts modified.
2013-11-09 18:46:00 DEBUG HttpEventHandler:125 - Handling write to client.
2013-11-09 18:46:00 DEBUG NioDispatcher:60 - Connection dispatched.
2013-11-09 18:46:00 DEBUG HandlerAdapter:248 - InterestOpts modified.
2013-11-09 18:46:00 DEBUG HandlerAdapter:108 - Queue drained.
2013-11-09 18:46:00 DEBUG HandlerAdapter:248 - InterestOpts modified.
2013-11-09 18:46:00 DEBUG HandlerAdapter:115 - Queue is empty.
2013-11-09 18:46:00 DEBUG HandlerAdapter:248 - InterestOpts modified.
2013-11-09 18:46:00 INFO  SimpleBufferFactory:18 - New simple buffer created.
2013-11-09 18:46:00 DEBUG HandlerAdapter:248 - InterestOpts modified.
2013-11-09 18:46:00 DEBUG HandlerAdapter:56 - Handler caller to write.
2013-11-09 18:46:00 DEBUG HandlerAdapter:248 - InterestOpts modified.
2013-11-09 18:46:00 DEBUG HandlerAdapter:248 - InterestOpts modified.
2013-11-09 18:46:00 DEBUG NioDispatcher:145 - Enqueing status change.
2013-11-09 18:46:00 DEBUG NioDispatcher:145 - Enqueing status change.
2013-11-09 18:46:00 DEBUG NioDispatcher:57 - Dispatching connection.
2013-11-09 18:46:00 DEBUG HandlerAdapter:176 - Handler prepared to run.
2013-11-09 18:46:00 DEBUG HandlerAdapter:248 - InterestOpts modified.
2013-11-09 18:46:00 DEBUG NioDispatcher:172 - Invoking handler.
2013-11-09 18:46:00 DEBUG HandlerAdapter:248 - InterestOpts modified.
2013-11-09 18:46:00 DEBUG HttpEventHandler:125 - Handling write to client.
2013-11-09 18:46:00 DEBUG NioDispatcher:60 - Connection dispatched.
2013-11-09 18:46:00 DEBUG HandlerAdapter:248 - InterestOpts modified.
2013-11-09 18:46:00 DEBUG NioDispatcher:57 - Dispatching connection.
2013-11-09 18:46:00 DEBUG HandlerAdapter:248 - InterestOpts modified.
2013-11-09 18:46:00 DEBUG HandlerAdapter:108 - Queue drained.
2013-11-09 18:46:00 DEBUG HandlerAdapter:176 - Handler prepared to run.
2013-11-09 18:46:00 DEBUG NioDispatcher:172 - Invoking handler.
2013-11-09 18:46:00 INFO  SimpleBufferFactory:18 - New simple buffer created.
2013-11-09 18:46:00 DEBUG HandlerAdapter:115 - Queue is empty.
2013-11-09 18:46:00 DEBUG HandlerAdapter:248 - InterestOpts modified.
2013-11-09 18:46:00 DEBUG HttpEventHandler:125 - Handling write to client.
2013-11-09 18:46:00 DEBUG HandlerAdapter:248 - InterestOpts modified.
2013-11-09 18:46:00 DEBUG NioDispatcher:60 - Connection dispatched.
2013-11-09 18:46:00 DEBUG HandlerAdapter:108 - Queue drained.
2013-11-09 18:46:00 DEBUG HttpEventHandler:65 - Sending body.
2013-11-09 18:46:00 DEBUG HandlerAdapter:56 - Handler caller to write.
2013-11-09 18:46:00 DEBUG HttpEventHandler:68 - Read 220 from server. Sending to client.
2013-11-09 18:46:00 DEBUG HandlerAdapter:115 - Queue is empty.
2013-11-09 18:46:00 DEBUG HandlerAdapter:248 - InterestOpts modified.
2013-11-09 18:46:00 INFO  SimpleBufferFactory:18 - New simple buffer created.
2013-11-09 18:46:00 DEBUG HandlerAdapter:248 - InterestOpts modified.
2013-11-09 18:46:00 DEBUG HandlerAdapter:248 - InterestOpts modified.
2013-11-09 18:46:00 DEBUG NioDispatcher:145 - Enqueing status change.
2013-11-09 18:46:00 DEBUG NioDispatcher:145 - Enqueing status change.
2013-11-09 18:46:00 DEBUG NioDispatcher:57 - Dispatching connection.
2013-11-09 18:46:00 DEBUG HandlerAdapter:63 - Handler caller to read.
2013-11-09 18:46:00 DEBUG HandlerAdapter:248 - InterestOpts modified.
2013-11-09 18:46:00 DEBUG NioDispatcher:145 - Enqueing status change.
2013-11-09 18:46:00 DEBUG HandlerAdapter:56 - Handler caller to write.
2013-11-09 18:46:00 DEBUG HandlerAdapter:248 - InterestOpts modified.
2013-11-09 18:46:00 DEBUG HandlerAdapter:176 - Handler prepared to run.
2013-11-09 18:46:00 DEBUG NioDispatcher:172 - Invoking handler.
2013-11-09 18:46:00 DEBUG NioDispatcher:145 - Enqueing status change.
2013-11-09 18:46:00 DEBUG HttpEventHandler:125 - Handling write to client.
2013-11-09 18:46:00 DEBUG HandlerAdapter:108 - Queue drained.
2013-11-09 18:46:00 DEBUG NioDispatcher:60 - Connection dispatched.
2013-11-09 18:46:00 DEBUG HandlerAdapter:115 - Queue is empty.
2013-11-09 18:46:00 DEBUG HandlerAdapter:248 - InterestOpts modified.
2013-11-09 18:46:00 DEBUG HandlerAdapter:56 - Handler caller to write.
2013-11-09 18:46:00 DEBUG HandlerAdapter:248 - InterestOpts modified.
2013-11-09 18:46:00 DEBUG NioDispatcher:57 - Dispatching connection.
2013-11-09 18:46:00 DEBUG HandlerAdapter:176 - Handler prepared to run.
2013-11-09 18:46:00 DEBUG NioDispatcher:145 - Enqueing status change.
2013-11-09 18:46:00 DEBUG NioDispatcher:172 - Invoking handler.
2013-11-09 18:46:00 DEBUG NioDispatcher:60 - Connection dispatched.
2013-11-09 18:46:00 DEBUG NioDispatcher:57 - Dispatching connection.
2013-11-09 18:46:00 DEBUG HandlerAdapter:176 - Handler prepared to run.
2013-11-09 18:46:00 DEBUG HttpMessageValidator:35 - Starting to receive a new message.
2013-11-09 18:46:00 DEBUG NioDispatcher:172 - Invoking handler.
2013-11-09 18:46:00 DEBUG BasicInputQueue:38 - Buffer was filled from the channel.
2013-11-09 18:46:00 DEBUG HttpMessageValidator:44 - Trying to get a new message.
2013-11-09 18:46:00 DEBUG HttpEventHandler:125 - Handling write to client.
2013-11-09 18:46:00 DEBUG HandlerAdapter:115 - Queue is empty.
2013-11-09 18:46:00 DEBUG HandlerAdapter:248 - InterestOpts modified.
2013-11-09 18:46:00 DEBUG NioDispatcher:60 - Connection dispatched.
2013-11-09 18:46:00 DEBUG HandlerAdapter:56 - Handler caller to write.
2013-11-09 18:46:00 DEBUG HandlerAdapter:248 - InterestOpts modified.
2013-11-09 18:46:00 DEBUG HttpMessageValidator:80 - All bytes appended to body.
2013-11-09 18:46:00 INFO  HttpMessageValidator:104 - Content: 262 message: 262
2013-11-09 18:46:00 DEBUG HttpMessageValidator:84 - Message finalized.
2013-11-09 18:46:00 DEBUG BasicInputQueue:120 - Message returned from input queue.
2013-11-09 18:46:00 DEBUG HttpEventHandler:50 - Handling read operation from server.
2013-11-09 18:46:00 DEBUG NioDispatcher:145 - Enqueing status change.
2013-11-09 18:46:00 DEBUG HttpEventHandler:65 - Sending body.
2013-11-09 18:46:00 DEBUG HttpEventHandler:68 - Read 42 from server. Sending to client.
2013-11-09 18:46:00 INFO  SimpleBufferFactory:18 - New simple buffer created.
2013-11-09 18:46:00 DEBUG HandlerAdapter:248 - InterestOpts modified.
2013-11-09 18:46:00 DEBUG NioDispatcher:145 - Enqueing status change.
2013-11-09 18:46:00 DEBUG HandlerAdapter:63 - Handler caller to read.
2013-11-09 18:46:00 DEBUG HandlerAdapter:248 - InterestOpts modified.
2013-11-09 18:46:00 DEBUG NioDispatcher:57 - Dispatching connection.
2013-11-09 18:46:00 DEBUG HandlerAdapter:176 - Handler prepared to run.
2013-11-09 18:46:00 DEBUG NioDispatcher:172 - Invoking handler.
2013-11-09 18:46:00 DEBUG NioDispatcher:145 - Enqueing status change.
2013-11-09 18:46:00 DEBUG HttpEventHandler:125 - Handling write to client.
2013-11-09 18:46:00 DEBUG HandlerAdapter:108 - Queue drained.
2013-11-09 18:46:00 DEBUG NioDispatcher:60 - Connection dispatched.
2013-11-09 18:46:00 DEBUG HandlerAdapter:115 - Queue is empty.
2013-11-09 18:46:00 DEBUG HandlerAdapter:248 - InterestOpts modified.
2013-11-09 18:46:00 DEBUG HandlerAdapter:56 - Handler caller to write.
2013-11-09 18:46:00 DEBUG HandlerAdapter:248 - InterestOpts modified.
2013-11-09 18:46:00 DEBUG NioDispatcher:145 - Enqueing status change.
2013-11-09 18:46:00 DEBUG NioDispatcher:57 - Dispatching connection.
2013-11-09 18:46:00 DEBUG HandlerAdapter:176 - Handler prepared to run.
2013-11-09 18:46:00 DEBUG NioDispatcher:172 - Invoking handler.
2013-11-09 18:46:00 DEBUG NioDispatcher:60 - Connection dispatched.
2013-11-09 18:46:00 DEBUG HandlerAdapter:248 - InterestOpts modified.
2013-11-09 18:46:00 DEBUG HandlerAdapter:149 - End of stream reached.
2013-11-09 18:46:00 DEBUG HandlerAdapter:248 - InterestOpts modified.
2013-11-09 18:46:00 DEBUG HandlerAdapter:248 - InterestOpts modified.
2013-11-09 18:46:00 DEBUG NioDispatcher:145 - Enqueing status change.
2013-11-09 18:46:00 DEBUG NioDispatcher:57 - Dispatching connection.
2013-11-09 18:46:00 DEBUG HandlerAdapter:176 - Handler prepared to run.
2013-11-09 18:46:00 DEBUG NioDispatcher:172 - Invoking handler.
2013-11-09 18:46:00 DEBUG NioDispatcher:60 - Connection dispatched.
2013-11-09 18:46:00 DEBUG HttpEventHandler:125 - Handling write to client.
2013-11-09 18:46:00 DEBUG HandlerAdapter:115 - Queue is empty.
2013-11-09 18:46:00 DEBUG HandlerAdapter:248 - InterestOpts modified.
2013-11-09 18:46:00 DEBUG HandlerAdapter:119 - Channel was closed.
2013-11-09 18:46:00 DEBUG HandlerAdapter:56 - Handler caller to write.
2013-11-09 18:46:00 DEBUG HandlerAdapter:248 - InterestOpts modified.
2013-11-09 18:46:00 DEBUG NioDispatcher:145 - Enqueing status change.
